Using pre-set license
Built from '2020.2/china_unity/release' branch; Version is '2020.2.6f1c1 (88e64323f9a5) revision 8971843'; Using compiler version '192528614'; Build Type 'Release'
OS: 'Windows 10 Home China; OS build 19042.928; Version 2009; 64bit' Language: 'zh' Physical Memory: 15740 MB
BatchMode: 1, IsHumanControllingUs: 0, StartBugReporterOnCrash: 0, Is64bit: 1, IsPro: 0

 COMMAND LINE ARGUMENTS:
D:\Unity\Hub\Editor\2020.2.6f1c1\Editor\Unity.exe
-adb2
-batchMode
-noUpm
-name
AssetImportWorker0
-projectPath
E:/Software Relatives/Competitions/IcyMatch/IcyMatch
-logFile
Logs/AssetImportWorker0.log
-srvPort
61425
Successfully changed project path to: E:/Software Relatives/Competitions/IcyMatch/IcyMatch
E:/Software Relatives/Competitions/IcyMatch/IcyMatch
Using Asset Import Pipeline V2.
Refreshing native plugins compatible for Editor in 34.11 ms, found 1 plugins.
Preloading 0 native plugins for Editor in 0.00 ms.
Initialize engine version: 2020.2.6f1c1 (88e64323f9a5)
[Subsystems] Discovering subsystems at path D:/Unity/Hub/Editor/2020.2.6f1c1/Editor/Data/Resources/UnitySubsystems
[Subsystems] Discovering subsystems at path E:/Software Relatives/Competitions/IcyMatch/IcyMatch/Assets
GfxDevice: creating device client; threaded=0
Direct3D:
    Version:  Direct3D 11.0 [level 11.1]
    Renderer: NVIDIA GeForce RTX 3060 Laptop GPU (ID=0x2520)
    Vendor:   
    VRAM:     6023 MB
    Driver:   27.21.14.5771
Initialize mono
Mono path[0] = 'D:/Unity/Hub/Editor/2020.2.6f1c1/Editor/Data/Managed'
Mono path[1] = 'D:/Unity/Hub/Editor/2020.2.6f1c1/Editor/Data/MonoBleedingEdge/lib/mono/unityjit'
Mono config path = 'D:/Unity/Hub/Editor/2020.2.6f1c1/Editor/Data/MonoBleedingEdge/etc'
Using monoOptions --debugger-agent=transport=dt_socket,embedding=1,server=y,suspend=n,address=127.0.0.1:56588
Begin MonoManager ReloadAssembly
Registering precompiled unity dll's ...
Register platform support module: D:/Unity/Hub/Editor/2020.2.6f1c1/Editor/Data/PlaybackEngines/WindowsStandaloneSupport/UnityEditor.WindowsStandalone.Extensions.dll
Registered in 0.000887 seconds.
Native extension for WindowsStandalone target not found
Refreshing native plugins compatible for Editor in 35.88 ms, found 1 plugins.
Preloading 0 native plugins for Editor in 0.00 ms.
Invoked RoslynAnalysisRunner static constructor.
RoslynAnalysisRunner will not be running.
RoslynAnalysisRunner has terminated.
Mono: successfully reloaded assembly
- Completed reload, in  0.590 seconds
Platform modules already initialized, skipping
Registering precompiled user dll's ...
Registered in 0.000596 seconds.
Begin MonoManager ReloadAssembly
Native extension for WindowsStandalone target not found
Refreshing native plugins compatible for Editor in 36.67 ms, found 1 plugins.
Preloading 0 native plugins for Editor in 0.00 ms.
Invoked RoslynAnalysisRunner static constructor.
RoslynAnalysisRunner will not be running.
RoslynAnalysisRunner has terminated.
Mono: successfully reloaded assembly
- Completed reload, in  0.713 seconds
Platform modules already initialized, skipping
========================================================================
Worker process is ready to serve import requests
Launched and connected shader compiler UnityShaderCompiler.exe after 0.04 seconds
Refreshing native plugins compatible for Editor in 0.52 ms, found 1 plugins.
Preloading 0 native plugins for Editor in 0.00 ms.
Unloading 2518 Unused Serialized files (Serialized files now loaded: 0)
System memory in use before: 113.3 MB.
System memory in use after: 113.5 MB.

Unloading 19 unused Assets to reduce memory usage. Loaded Objects now: 2984.
Total: 2.532600 ms (FindLiveObjects: 0.388400 ms CreateObjectMapping: 0.183800 ms MarkObjects: 1.868500 ms  DeleteObjects: 0.090900 ms)

========================================================================
Received Import Request.
  path: Assets/Scenes/SwitchSceneMgr.prefab
  artifactKey: Guid(6b9dff85b29a6de4fae9e0dc35b91668) Importer(815301076,1909f56bfc062723c751e8b465ee728b)
Start importing Assets/Scenes/SwitchSceneMgr.prefab using Guid(6b9dff85b29a6de4fae9e0dc35b91668) Importer(815301076,1909f56bfc062723c751e8b465ee728b)  -> (artifact id: 'a1b34e281bcdd9df64a4430551a574a9') in 0.102613 seconds
  Import took 0.106793 seconds .

========================================================================
Received Import Request.
  Time since last request: 0.000169 seconds.
  path: Assets/Scenes/Begin.unity
  artifactKey: Guid(27decb25f8c2e3d4ba93ff8799c8470d) Importer(815301076,1909f56bfc062723c751e8b465ee728b)
Start importing Assets/Scenes/Begin.unity using Guid(27decb25f8c2e3d4ba93ff8799c8470d) Importer(815301076,1909f56bfc062723c751e8b465ee728b)  -> (artifact id: '44c79032e1e1444724e8648639813939') in 0.001793 seconds
  Import took 0.004901 seconds .

========================================================================
Received Import Request.
  Time since last request: 67.093316 seconds.
  path: Assets/Scenes/RenderTexture.renderTexture
  artifactKey: Guid(f543334034f4d7a45a14eb9e6a52e64f) Importer(815301076,1909f56bfc062723c751e8b465ee728b)
Start importing Assets/Scenes/RenderTexture.renderTexture using Guid(f543334034f4d7a45a14eb9e6a52e64f) Importer(815301076,1909f56bfc062723c751e8b465ee728b)  -> (artifact id: 'd427fd4f866a0b023cd4a9d27a662b15') in 0.026181 seconds
  Import took 0.029967 seconds .

========================================================================
Received Import Request.
  Time since last request: 24.485509 seconds.
  path: Assets/Scenes/RenderTexture.mat
  artifactKey: Guid(627ace4b73bce514ea29d2dc9db3af5a) Importer(815301076,1909f56bfc062723c751e8b465ee728b)
Start importing Assets/Scenes/RenderTexture.mat using Guid(627ace4b73bce514ea29d2dc9db3af5a) Importer(815301076,1909f56bfc062723c751e8b465ee728b)  -> (artifact id: 'a45c0f716b0b3fec9475daec1ef3ef63') in 0.029764 seconds
  Import took 0.033405 seconds .

========================================================================
Received Import Request.
  Time since last request: 254.112704 seconds.
  path: Assets/Scenes/RenderTexture.mat
  artifactKey: Guid(627ace4b73bce514ea29d2dc9db3af5a) Importer(815301076,1909f56bfc062723c751e8b465ee728b)
Start importing Assets/Scenes/RenderTexture.mat using Guid(627ace4b73bce514ea29d2dc9db3af5a) Importer(815301076,1909f56bfc062723c751e8b465ee728b)  -> (artifact id: '760277f79065a8d33cb776cc2664221a') in 0.029712 seconds
  Import took 0.033212 seconds .

========================================================================
Received Import Request.
  Time since last request: 0.000157 seconds.
  path: Assets/Scenes/RenderTexture.renderTexture
  artifactKey: Guid(f543334034f4d7a45a14eb9e6a52e64f) Importer(815301076,1909f56bfc062723c751e8b465ee728b)
Start importing Assets/Scenes/RenderTexture.renderTexture using Guid(f543334034f4d7a45a14eb9e6a52e64f) Importer(815301076,1909f56bfc062723c751e8b465ee728b)  -> (artifact id: '7d7b04917e77d57729a526d5cf73181b') in 0.005139 seconds
  Import took 0.008144 seconds .

========================================================================
Received Import Request.
  Time since last request: 31.491278 seconds.
  path: Assets/Scenes/Modern.unity
  artifactKey: Guid(25b017607da0aa14eba4e58276d5d89d) Importer(815301076,1909f56bfc062723c751e8b465ee728b)
Start importing Assets/Scenes/Modern.unity using Guid(25b017607da0aa14eba4e58276d5d89d) Importer(815301076,1909f56bfc062723c751e8b465ee728b)  -> (artifact id: 'f409becf428cf24894774f90735cddd7') in 0.001999 seconds
  Import took 0.005427 seconds .

========================================================================
Received Import Request.
  Time since last request: 14.871304 seconds.
  path: Assets/Scenes/Begin.unity
  artifactKey: Guid(27decb25f8c2e3d4ba93ff8799c8470d) Importer(815301076,1909f56bfc062723c751e8b465ee728b)
Start importing Assets/Scenes/Begin.unity using Guid(27decb25f8c2e3d4ba93ff8799c8470d) Importer(815301076,1909f56bfc062723c751e8b465ee728b)  -> (artifact id: '914375d753f54a348bf54d3d6f66f43a') in 0.001915 seconds
  Import took 0.005563 seconds .

========================================================================
Received Prepare
Registering precompiled user dll's ...
Registered in 0.000718 seconds.
Begin MonoManager ReloadAssembly
Native extension for WindowsStandalone target not found
Refreshing native plugins compatible for Editor in 0.53 ms, found 1 plugins.
Preloading 0 native plugins for Editor in 0.00 ms.
Invoked RoslynAnalysisRunner static constructor.
RoslynAnalysisRunner will not be running.
RoslynAnalysisRunner has terminated.
Mono: successfully reloaded assembly
- Completed reload, in  0.611 seconds
Platform modules already initialized, skipping
Refreshing native plugins compatible for Editor in 0.51 ms, found 1 plugins.
Preloading 0 native plugins for Editor in 0.00 ms.
Unloading 2494 Unused Serialized files (Serialized files now loaded: 0)
System memory in use before: 115.1 MB.
System memory in use after: 115.3 MB.

Unloading 7 unused Assets to reduce memory usage. Loaded Objects now: 3030.
Total: 1.957900 ms (FindLiveObjects: 0.273800 ms CreateObjectMapping: 0.117700 ms MarkObjects: 1.551600 ms  DeleteObjects: 0.014000 ms)

========================================================================
Received Import Request.
  Time since last request: 15.074451 seconds.
  path: Assets/Scenes/Modern.unity
  artifactKey: Guid(25b017607da0aa14eba4e58276d5d89d) Importer(815301076,1909f56bfc062723c751e8b465ee728b)
Start importing Assets/Scenes/Modern.unity using Guid(25b017607da0aa14eba4e58276d5d89d) Importer(815301076,1909f56bfc062723c751e8b465ee728b)  -> (artifact id: 'dace092075d5650124b221604b618dc2') in 0.012533 seconds
  Import took 0.016219 seconds .

========================================================================
Received Prepare
Registering precompiled user dll's ...
Registered in 0.000747 seconds.
Begin MonoManager ReloadAssembly
Native extension for WindowsStandalone target not found
Refreshing native plugins compatible for Editor in 0.53 ms, found 1 plugins.
Preloading 0 native plugins for Editor in 0.00 ms.
Invoked RoslynAnalysisRunner static constructor.
RoslynAnalysisRunner will not be running.
RoslynAnalysisRunner has terminated.
Mono: successfully reloaded assembly
- Completed reload, in  0.603 seconds
Platform modules already initialized, skipping
Refreshing native plugins compatible for Editor in 0.51 ms, found 1 plugins.
Preloading 0 native plugins for Editor in 0.00 ms.
Unloading 2494 Unused Serialized files (Serialized files now loaded: 0)
System memory in use before: 115.2 MB.
System memory in use after: 115.4 MB.

Unloading 7 unused Assets to reduce memory usage. Loaded Objects now: 3033.
Total: 1.816700 ms (FindLiveObjects: 0.258000 ms CreateObjectMapping: 0.074600 ms MarkObjects: 1.470800 ms  DeleteObjects: 0.012500 ms)

========================================================================
Received Import Request.
  Time since last request: 75.780955 seconds.
  path: Assets/Scenes/Begin.unity
  artifactKey: Guid(27decb25f8c2e3d4ba93ff8799c8470d) Importer(815301076,1909f56bfc062723c751e8b465ee728b)
Start importing Assets/Scenes/Begin.unity using Guid(27decb25f8c2e3d4ba93ff8799c8470d) Importer(815301076,1909f56bfc062723c751e8b465ee728b)  -> (artifact id: '085096ea0d2f9a7c6004f1aa16bc68d1') in 0.012335 seconds
  Import took 0.015858 seconds .

========================================================================
Received Prepare
Registering precompiled user dll's ...
Registered in 0.000804 seconds.
Begin MonoManager ReloadAssembly
Native extension for WindowsStandalone target not found
Refreshing native plugins compatible for Editor in 0.51 ms, found 1 plugins.
Preloading 0 native plugins for Editor in 0.00 ms.
Invoked RoslynAnalysisRunner static constructor.
RoslynAnalysisRunner will not be running.
RoslynAnalysisRunner has terminated.
Mono: successfully reloaded assembly
- Completed reload, in  0.618 seconds
Platform modules already initialized, skipping
Refreshing native plugins compatible for Editor in 0.52 ms, found 1 plugins.
Preloading 0 native plugins for Editor in 0.00 ms.
Unloading 2494 Unused Serialized files (Serialized files now loaded: 0)
System memory in use before: 115.2 MB.
System memory in use after: 115.4 MB.

Unloading 7 unused Assets to reduce memory usage. Loaded Objects now: 3036.
Total: 1.736400 ms (FindLiveObjects: 0.239100 ms CreateObjectMapping: 0.067400 ms MarkObjects: 1.416400 ms  DeleteObjects: 0.012800 ms)

========================================================================
Received Import Request.
  Time since last request: 12.867288 seconds.
  path: Assets/Scenes/Modern.unity
  artifactKey: Guid(25b017607da0aa14eba4e58276d5d89d) Importer(815301076,1909f56bfc062723c751e8b465ee728b)
Start importing Assets/Scenes/Modern.unity using Guid(25b017607da0aa14eba4e58276d5d89d) Importer(815301076,1909f56bfc062723c751e8b465ee728b)  -> (artifact id: '8ecc452ac8312250b2c020a6a43e4cde') in 0.012170 seconds
  Import took 0.015722 seconds .

========================================================================
Received Prepare
Registering precompiled user dll's ...
Registered in 0.000738 seconds.
Begin MonoManager ReloadAssembly
Native extension for WindowsStandalone target not found
Refreshing native plugins compatible for Editor in 0.53 ms, found 1 plugins.
Preloading 0 native plugins for Editor in 0.00 ms.
Invoked RoslynAnalysisRunner static constructor.
RoslynAnalysisRunner will not be running.
RoslynAnalysisRunner has terminated.
Mono: successfully reloaded assembly
- Completed reload, in  0.617 seconds
Platform modules already initialized, skipping
Refreshing native plugins compatible for Editor in 0.58 ms, found 1 plugins.
Preloading 0 native plugins for Editor in 0.00 ms.
Unloading 2494 Unused Serialized files (Serialized files now loaded: 0)
System memory in use before: 115.2 MB.
System memory in use after: 115.5 MB.

Unloading 7 unused Assets to reduce memory usage. Loaded Objects now: 3039.
Total: 1.962600 ms (FindLiveObjects: 0.286100 ms CreateObjectMapping: 0.075400 ms MarkObjects: 1.586100 ms  DeleteObjects: 0.013400 ms)

========================================================================
Received Import Request.
  Time since last request: 314.652114 seconds.
  path: Assets/Scenes/GameObject.prefab
  artifactKey: Guid(2d4cd729e7323e24c932bb1d5e43f8f5) Importer(815301076,1909f56bfc062723c751e8b465ee728b)
Start importing Assets/Scenes/GameObject.prefab using Guid(2d4cd729e7323e24c932bb1d5e43f8f5) Importer(815301076,1909f56bfc062723c751e8b465ee728b)  -> (artifact id: 'c412ff47e692074fa7d7fd72175ef674') in 0.058044 seconds
  Import took 0.061851 seconds .

========================================================================
Received Prepare
Registering precompiled user dll's ...
Registered in 0.000746 seconds.
Begin MonoManager ReloadAssembly
Native extension for WindowsStandalone target not found
Refreshing native plugins compatible for Editor in 0.52 ms, found 1 plugins.
Preloading 0 native plugins for Editor in 0.00 ms.
Invoked RoslynAnalysisRunner static constructor.
RoslynAnalysisRunner will not be running.
RoslynAnalysisRunner has terminated.
Mono: successfully reloaded assembly
- Completed reload, in  0.627 seconds
Platform modules already initialized, skipping
Refreshing native plugins compatible for Editor in 0.50 ms, found 1 plugins.
Preloading 0 native plugins for Editor in 0.00 ms.
Unloading 2494 Unused Serialized files (Serialized files now loaded: 0)
System memory in use before: 115.3 MB.
System memory in use after: 115.5 MB.

Unloading 7 unused Assets to reduce memory usage. Loaded Objects now: 3043.
Total: 1.859400 ms (FindLiveObjects: 0.247100 ms CreateObjectMapping: 0.068500 ms MarkObjects: 1.529100 ms  DeleteObjects: 0.013900 ms)

========================================================================
Received Import Request.
  Time since last request: 459.779246 seconds.
  path: Assets/Scenes/SuiTang.unity
  artifactKey: Guid(9fc0d4010bbf28b4594072e72b8655ab) Importer(815301076,1909f56bfc062723c751e8b465ee728b)
Start importing Assets/Scenes/SuiTang.unity using Guid(9fc0d4010bbf28b4594072e72b8655ab) Importer(815301076,1909f56bfc062723c751e8b465ee728b)  -> (artifact id: '861da209cde046a0ea294961f530eb08') in 0.014294 seconds
  Import took 0.018339 seconds .

========================================================================
Received Prepare
Registering precompiled user dll's ...
Registered in 0.000788 seconds.
Begin MonoManager ReloadAssembly
Native extension for WindowsStandalone target not found
Refreshing native plugins compatible for Editor in 0.54 ms, found 1 plugins.
Preloading 0 native plugins for Editor in 0.00 ms.
Invoked RoslynAnalysisRunner static constructor.
RoslynAnalysisRunner will not be running.
RoslynAnalysisRunner has terminated.
Mono: successfully reloaded assembly
- Completed reload, in  0.622 seconds
Platform modules already initialized, skipping
Refreshing native plugins compatible for Editor in 0.52 ms, found 1 plugins.
Preloading 0 native plugins for Editor in 0.00 ms.
Unloading 2494 Unused Serialized files (Serialized files now loaded: 0)
System memory in use before: 115.3 MB.
System memory in use after: 115.5 MB.

Unloading 7 unused Assets to reduce memory usage. Loaded Objects now: 3046.
Total: 2.035000 ms (FindLiveObjects: 0.261700 ms CreateObjectMapping: 0.077500 ms MarkObjects: 1.677500 ms  DeleteObjects: 0.017300 ms)

========================================================================
Received Import Request.
  Time since last request: 574.955979 seconds.
  path: Assets/Scenes/Modern.unity
  artifactKey: Guid(25b017607da0aa14eba4e58276d5d89d) Importer(815301076,1909f56bfc062723c751e8b465ee728b)
Start importing Assets/Scenes/Modern.unity using Guid(25b017607da0aa14eba4e58276d5d89d) Importer(815301076,1909f56bfc062723c751e8b465ee728b)  -> (artifact id: '155fba4de386fad005fc133017fcc218') in 0.012975 seconds
  Import took 0.017137 seconds .

========================================================================
Received Import Request.
  Time since last request: 2.818931 seconds.
  path: Assets/Scenes/shanhaipart.unity
  artifactKey: Guid(b1ae28ca26f2d824695a6bd6abf1777c) Importer(815301076,1909f56bfc062723c751e8b465ee728b)
Start importing Assets/Scenes/shanhaipart.unity using Guid(b1ae28ca26f2d824695a6bd6abf1777c) Importer(815301076,1909f56bfc062723c751e8b465ee728b)  -> (artifact id: '9e7c255611449e4ea414fb5e0ae210f6') in 0.001908 seconds
  Import took 0.005738 seconds .

========================================================================
Received Prepare
Registering precompiled user dll's ...
Registered in 0.000875 seconds.
Begin MonoManager ReloadAssembly
Native extension for WindowsStandalone target not found
Refreshing native plugins compatible for Editor in 0.52 ms, found 1 plugins.
Preloading 0 native plugins for Editor in 0.00 ms.
Invoked RoslynAnalysisRunner static constructor.
RoslynAnalysisRunner will not be running.
RoslynAnalysisRunner has terminated.
Mono: successfully reloaded assembly
- Completed reload, in  0.631 seconds
Platform modules already initialized, skipping
Refreshing native plugins compatible for Editor in 0.54 ms, found 1 plugins.
Preloading 0 native plugins for Editor in 0.00 ms.
Unloading 2494 Unused Serialized files (Serialized files now loaded: 0)
System memory in use before: 115.3 MB.
System memory in use after: 115.5 MB.

Unloading 7 unused Assets to reduce memory usage. Loaded Objects now: 3049.
Total: 2.114900 ms (FindLiveObjects: 0.335100 ms CreateObjectMapping: 0.078600 ms MarkObjects: 1.683200 ms  DeleteObjects: 0.017000 ms)

========================================================================
Received Import Request.
  Time since last request: 2.682971 seconds.
  path: Assets/Scenes/RenderTexture.renderTexture
  artifactKey: Guid(f543334034f4d7a45a14eb9e6a52e64f) Importer(815301076,1909f56bfc062723c751e8b465ee728b)
Start importing Assets/Scenes/RenderTexture.renderTexture using Guid(f543334034f4d7a45a14eb9e6a52e64f) Importer(815301076,1909f56bfc062723c751e8b465ee728b)  -> (artifact id: 'd93fe43a3416b4958a4067f051c0f80d') in 0.029027 seconds
  Import took 0.032792 seconds .

========================================================================
Received Import Request.
  Time since last request: 0.000151 seconds.
  path: Assets/Scenes/SuiTang.unity
  artifactKey: Guid(9fc0d4010bbf28b4594072e72b8655ab) Importer(815301076,1909f56bfc062723c751e8b465ee728b)
Start importing Assets/Scenes/SuiTang.unity using Guid(9fc0d4010bbf28b4594072e72b8655ab) Importer(815301076,1909f56bfc062723c751e8b465ee728b)  -> (artifact id: 'bf0f0caaa6349b3bc0fdbd78f0555bdd') in 0.001939 seconds
  Import took 0.005252 seconds .

========================================================================
Received Prepare
Registering precompiled user dll's ...
Registered in 0.000807 seconds.
Begin MonoManager ReloadAssembly
Native extension for WindowsStandalone target not found
Refreshing native plugins compatible for Editor in 0.52 ms, found 1 plugins.
Preloading 0 native plugins for Editor in 0.00 ms.
Invoked RoslynAnalysisRunner static constructor.
RoslynAnalysisRunner will not be running.
RoslynAnalysisRunner has terminated.
Mono: successfully reloaded assembly
- Completed reload, in  0.600 seconds
Platform modules already initialized, skipping
Refreshing native plugins compatible for Editor in 0.53 ms, found 1 plugins.
Preloading 0 native plugins for Editor in 0.00 ms.
Unloading 2494 Unused Serialized files (Serialized files now loaded: 0)
System memory in use before: 115.2 MB.
System memory in use after: 115.5 MB.

Unloading 7 unused Assets to reduce memory usage. Loaded Objects now: 3052.
Total: 2.174400 ms (FindLiveObjects: 0.247300 ms CreateObjectMapping: 0.073600 ms MarkObjects: 1.840400 ms  DeleteObjects: 0.012400 ms)

========================================================================
Received Import Request.
  Time since last request: 411.748969 seconds.
  path: Assets/metarials1/New Material 3.mat
  artifactKey: Guid(95e60115935c48b40a4ed6444d2fe055) Importer(815301076,1909f56bfc062723c751e8b465ee728b)
Start importing Assets/metarials1/New Material 3.mat using Guid(95e60115935c48b40a4ed6444d2fe055) Importer(815301076,1909f56bfc062723c751e8b465ee728b)  -> (artifact id: 'e1446bfadd023c08beea338e344d974a') in 0.058961 seconds
  Import took 0.062847 seconds .

========================================================================
Received Import Request.
  Time since last request: 4.936044 seconds.
  path: Assets/RenderTexture/CamRenderTexture.renderTexture
  artifactKey: Guid(84531df7b9b60e146a6f86af0b51b905) Importer(815301076,1909f56bfc062723c751e8b465ee728b)
Start importing Assets/RenderTexture/CamRenderTexture.renderTexture using Guid(84531df7b9b60e146a6f86af0b51b905) Importer(815301076,1909f56bfc062723c751e8b465ee728b)  -> (artifact id: '6713847aca4f64a07d558e40f28f3e35') in 0.007946 seconds
  Import took 0.011450 seconds .

========================================================================
Received Import Request.
  Time since last request: 0.000151 seconds.
  path: Assets/RenderTexture/RenderTexMat.mat
  artifactKey: Guid(04ff7af258d81704ba292ac278236d01) Importer(815301076,1909f56bfc062723c751e8b465ee728b)
Start importing Assets/RenderTexture/RenderTexMat.mat using Guid(04ff7af258d81704ba292ac278236d01) Importer(815301076,1909f56bfc062723c751e8b465ee728b)  -> (artifact id: '1c7c3ee920695251e9b20cea24062ca7') in 0.006199 seconds
  Import took 0.009573 seconds .

========================================================================
Received Prepare
Registering precompiled user dll's ...
Registered in 0.000753 seconds.
Begin MonoManager ReloadAssembly
Native extension for WindowsStandalone target not found
Refreshing native plugins compatible for Editor in 0.52 ms, found 1 plugins.
Preloading 0 native plugins for Editor in 0.00 ms.
Invoked RoslynAnalysisRunner static constructor.
RoslynAnalysisRunner will not be running.
RoslynAnalysisRunner has terminated.
Mono: successfully reloaded assembly
- Completed reload, in  0.617 seconds
Platform modules already initialized, skipping
Refreshing native plugins compatible for Editor in 0.54 ms, found 1 plugins.
Preloading 0 native plugins for Editor in 0.00 ms.
Unloading 2494 Unused Serialized files (Serialized files now loaded: 0)
System memory in use before: 115.3 MB.
System memory in use after: 115.6 MB.

Unloading 7 unused Assets to reduce memory usage. Loaded Objects now: 3056.
Total: 2.275000 ms (FindLiveObjects: 0.258900 ms CreateObjectMapping: 0.126200 ms MarkObjects: 1.875600 ms  DeleteObjects: 0.013600 ms)

========================================================================
Received Import Request.
  Time since last request: 458.816824 seconds.
  path: Assets/Scenes/Song-Ming.unity
  artifactKey: Guid(f1c0e4f1d84eabc43be02c97ecf9331b) Importer(815301076,1909f56bfc062723c751e8b465ee728b)
Start importing Assets/Scenes/Song-Ming.unity using Guid(f1c0e4f1d84eabc43be02c97ecf9331b) Importer(815301076,1909f56bfc062723c751e8b465ee728b)  -> (artifact id: '8f7d23949109a8888e42e6fa5454534e') in 0.012587 seconds
  Import took 0.016259 seconds .

========================================================================
Received Prepare
Registering precompiled user dll's ...
Registered in 0.000812 seconds.
Begin MonoManager ReloadAssembly
Native extension for WindowsStandalone target not found
Refreshing native plugins compatible for Editor in 0.52 ms, found 1 plugins.
Preloading 0 native plugins for Editor in 0.00 ms.
Invoked RoslynAnalysisRunner static constructor.
RoslynAnalysisRunner will not be running.
RoslynAnalysisRunner has terminated.
Mono: successfully reloaded assembly
- Completed reload, in  0.634 seconds
Platform modules already initialized, skipping
Refreshing native plugins compatible for Editor in 0.53 ms, found 1 plugins.
Preloading 0 native plugins for Editor in 0.00 ms.
Unloading 2494 Unused Serialized files (Serialized files now loaded: 0)
System memory in use before: 115.3 MB.
System memory in use after: 115.6 MB.

Unloading 7 unused Assets to reduce memory usage. Loaded Objects now: 3059.
Total: 1.946400 ms (FindLiveObjects: 0.297100 ms CreateObjectMapping: 0.081800 ms MarkObjects: 1.553000 ms  DeleteObjects: 0.013600 ms)

========================================================================
Received Import Request.
  Time since last request: 108.563956 seconds.
  path: Assets/Scenes/Song-Ming.unity
  artifactKey: Guid(f1c0e4f1d84eabc43be02c97ecf9331b) Importer(815301076,1909f56bfc062723c751e8b465ee728b)
Start importing Assets/Scenes/Song-Ming.unity using Guid(f1c0e4f1d84eabc43be02c97ecf9331b) Importer(815301076,1909f56bfc062723c751e8b465ee728b)  -> (artifact id: 'c10ea55cef347ebd2930079d91127f29') in 0.012846 seconds
  Import took 0.016431 seconds .

========================================================================
Received Import Request.
  Time since last request: 33.002396 seconds.
  path: Assets/Scenes/Song-Ming.unity
  artifactKey: Guid(f1c0e4f1d84eabc43be02c97ecf9331b) Importer(815301076,1909f56bfc062723c751e8b465ee728b)
Start importing Assets/Scenes/Song-Ming.unity using Guid(f1c0e4f1d84eabc43be02c97ecf9331b) Importer(815301076,1909f56bfc062723c751e8b465ee728b)  -> (artifact id: '3f89bf6f4b050e8c75fdaf6a91248241') in 0.002076 seconds
  Import took 0.005740 seconds .

========================================================================
Received Import Request.
  Time since last request: 40.550742 seconds.
  path: Assets/Scenes/Song-Ming.unity
  artifactKey: Guid(f1c0e4f1d84eabc43be02c97ecf9331b) Importer(815301076,1909f56bfc062723c751e8b465ee728b)
Start importing Assets/Scenes/Song-Ming.unity using Guid(f1c0e4f1d84eabc43be02c97ecf9331b) Importer(815301076,1909f56bfc062723c751e8b465ee728b)  -> (artifact id: '19b41415e05f67f71158d73e9a793bd6') in 0.002029 seconds
  Import took 0.005640 seconds .

========================================================================
Received Import Request.
  Time since last request: 175.304485 seconds.
  path: Assets/Textures/CameraRenderer.renderTexture
  artifactKey: Guid(a4df040a64faf89428f461a6875310d0) Importer(815301076,1909f56bfc062723c751e8b465ee728b)
Start importing Assets/Textures/CameraRenderer.renderTexture using Guid(a4df040a64faf89428f461a6875310d0) Importer(815301076,1909f56bfc062723c751e8b465ee728b)  -> (artifact id: '4173658a5913928332a9665a234dad53') in 0.018936 seconds
  Import took 0.023075 seconds .

========================================================================
Received Import Request.
  Time since last request: 0.007158 seconds.
  path: Assets/Textures/CameraRenderer.renderTexture
  artifactKey: Guid(a4df040a64faf89428f461a6875310d0) Importer(815301076,1909f56bfc062723c751e8b465ee728b)
Start importing Assets/Textures/CameraRenderer.renderTexture using Guid(a4df040a64faf89428f461a6875310d0) Importer(815301076,1909f56bfc062723c751e8b465ee728b)  -> (artifact id: '4173658a5913928332a9665a234dad53') in 0.004638 seconds
  Import took 0.008522 seconds .

========================================================================
Received Prepare
Registering precompiled user dll's ...
Registered in 0.000749 seconds.
Begin MonoManager ReloadAssembly
Native extension for WindowsStandalone target not found
Refreshing native plugins compatible for Editor in 0.53 ms, found 1 plugins.
Preloading 0 native plugins for Editor in 0.00 ms.
Invoked RoslynAnalysisRunner static constructor.
RoslynAnalysisRunner will not be running.
RoslynAnalysisRunner has terminated.
Mono: successfully reloaded assembly
- Completed reload, in  0.610 seconds
Platform modules already initialized, skipping
Refreshing native plugins compatible for Editor in 0.52 ms, found 1 plugins.
Preloading 0 native plugins for Editor in 0.00 ms.
Unloading 2494 Unused Serialized files (Serialized files now loaded: 0)
System memory in use before: 115.4 MB.
System memory in use after: 115.6 MB.

Unloading 7 unused Assets to reduce memory usage. Loaded Objects now: 3062.
Total: 2.048000 ms (FindLiveObjects: 0.257600 ms CreateObjectMapping: 0.084700 ms MarkObjects: 1.691200 ms  DeleteObjects: 0.013900 ms)

========================================================================
Received Import Request.
  Time since last request: 85.718934 seconds.
  path: Assets/Scenes/SuiTang.unity
  artifactKey: Guid(9fc0d4010bbf28b4594072e72b8655ab) Importer(815301076,1909f56bfc062723c751e8b465ee728b)
Start importing Assets/Scenes/SuiTang.unity using Guid(9fc0d4010bbf28b4594072e72b8655ab) Importer(815301076,1909f56bfc062723c751e8b465ee728b)  -> (artifact id: 'ac75fad8614a4aebf9755236f8682acf') in 0.010444 seconds
  Import took 0.014039 seconds .

========================================================================
Received Prepare
Registering precompiled user dll's ...
Registered in 0.000884 seconds.
Begin MonoManager ReloadAssembly
Native extension for WindowsStandalone target not found
Refreshing native plugins compatible for Editor in 0.59 ms, found 1 plugins.
Preloading 0 native plugins for Editor in 0.00 ms.
Invoked RoslynAnalysisRunner static constructor.
RoslynAnalysisRunner will not be running.
RoslynAnalysisRunner has terminated.
Mono: successfully reloaded assembly
- Completed reload, in  0.690 seconds
Platform modules already initialized, skipping
Refreshing native plugins compatible for Editor in 0.78 ms, found 1 plugins.
Preloading 0 native plugins for Editor in 0.00 ms.
Unloading 2494 Unused Serialized files (Serialized files now loaded: 0)
System memory in use before: 115.4 MB.
System memory in use after: 115.6 MB.

Unloading 7 unused Assets to reduce memory usage. Loaded Objects now: 3065.
Total: 2.416100 ms (FindLiveObjects: 0.304300 ms CreateObjectMapping: 0.156700 ms MarkObjects: 1.938700 ms  DeleteObjects: 0.015500 ms)

========================================================================
Received Prepare
Registering precompiled user dll's ...
Registered in 0.000688 seconds.
Begin MonoManager ReloadAssembly
Native extension for WindowsStandalone target not found
Refreshing native plugins compatible for Editor in 0.52 ms, found 1 plugins.
Preloading 0 native plugins for Editor in 0.00 ms.
Invoked RoslynAnalysisRunner static constructor.
RoslynAnalysisRunner will not be running.
RoslynAnalysisRunner has terminated.
Mono: successfully reloaded assembly
- Completed reload, in  0.621 seconds
Platform modules already initialized, skipping
Refreshing native plugins compatible for Editor in 0.53 ms, found 1 plugins.
Preloading 0 native plugins for Editor in 0.00 ms.
Unloading 2494 Unused Serialized files (Serialized files now loaded: 0)
System memory in use before: 115.3 MB.
System memory in use after: 115.5 MB.

Unloading 7 unused Assets to reduce memory usage. Loaded Objects now: 3068.
Total: 1.993700 ms (FindLiveObjects: 0.240500 ms CreateObjectMapping: 0.068300 ms MarkObjects: 1.670100 ms  DeleteObjects: 0.013600 ms)

========================================================================
Received Prepare
Registering precompiled user dll's ...
Registered in 0.000753 seconds.
Begin MonoManager ReloadAssembly
Native extension for WindowsStandalone target not found
Refreshing native plugins compatible for Editor in 0.52 ms, found 1 plugins.
Preloading 0 native plugins for Editor in 0.00 ms.
Invoked RoslynAnalysisRunner static constructor.
RoslynAnalysisRunner will not be running.
RoslynAnalysisRunner has terminated.
Mono: successfully reloaded assembly
- Completed reload, in  0.624 seconds
Platform modules already initialized, skipping
Refreshing native plugins compatible for Editor in 0.52 ms, found 1 plugins.
Preloading 0 native plugins for Editor in 0.00 ms.
Unloading 2494 Unused Serialized files (Serialized files now loaded: 0)
System memory in use before: 115.4 MB.
System memory in use after: 115.6 MB.

Unloading 7 unused Assets to reduce memory usage. Loaded Objects now: 3071.
Total: 2.065000 ms (FindLiveObjects: 0.281400 ms CreateObjectMapping: 0.082700 ms MarkObjects: 1.686400 ms  DeleteObjects: 0.013900 ms)

========================================================================
Received Import Request.
  Time since last request: 303.864000 seconds.
  path: Assets/Scenes/Begin.unity
  artifactKey: Guid(27decb25f8c2e3d4ba93ff8799c8470d) Importer(815301076,1909f56bfc062723c751e8b465ee728b)
Start importing Assets/Scenes/Begin.unity using Guid(27decb25f8c2e3d4ba93ff8799c8470d) Importer(815301076,1909f56bfc062723c751e8b465ee728b)  -> (artifact id: '40f0295fcce9193c5b258c1650713091') in 0.010709 seconds
  Import took 0.014538 seconds .

========================================================================
Received Import Request.
  Time since last request: 26.444768 seconds.
  path: Assets/Scenes/Modern.unity
  artifactKey: Guid(25b017607da0aa14eba4e58276d5d89d) Importer(815301076,1909f56bfc062723c751e8b465ee728b)
Start importing Assets/Scenes/Modern.unity using Guid(25b017607da0aa14eba4e58276d5d89d) Importer(815301076,1909f56bfc062723c751e8b465ee728b)  -> (artifact id: 'd9b7d20bd37a8b2fcb6a32618d1d36ec') in 0.001986 seconds
  Import took 0.005759 seconds .

========================================================================
Received Import Request.
  Time since last request: 0.367657 seconds.
  path: Assets/Scenes/shanhaipart.unity
  artifactKey: Guid(b1ae28ca26f2d824695a6bd6abf1777c) Importer(815301076,1909f56bfc062723c751e8b465ee728b)
Start importing Assets/Scenes/shanhaipart.unity using Guid(b1ae28ca26f2d824695a6bd6abf1777c) Importer(815301076,1909f56bfc062723c751e8b465ee728b)  -> (artifact id: 'f45b9227b5d364345978692085eafcef') in 0.002053 seconds
  Import took 0.006039 seconds .

========================================================================
Received Import Request.
  Time since last request: 0.000803 seconds.
  path: Assets/Scenes/shanhaipart.unity
  artifactKey: Guid(b1ae28ca26f2d824695a6bd6abf1777c) Importer(815301076,1909f56bfc062723c751e8b465ee728b)
Start importing Assets/Scenes/shanhaipart.unity using Guid(b1ae28ca26f2d824695a6bd6abf1777c) Importer(815301076,1909f56bfc062723c751e8b465ee728b)  -> (artifact id: 'f45b9227b5d364345978692085eafcef') in 0.001799 seconds
  Import took 0.005246 seconds .

========================================================================
Received Import Request.
  Time since last request: 0.675767 seconds.
  path: Assets/Scenes/Song-Ming.unity
  artifactKey: Guid(f1c0e4f1d84eabc43be02c97ecf9331b) Importer(815301076,1909f56bfc062723c751e8b465ee728b)
Start importing Assets/Scenes/Song-Ming.unity using Guid(f1c0e4f1d84eabc43be02c97ecf9331b) Importer(815301076,1909f56bfc062723c751e8b465ee728b)  -> (artifact id: 'e7886be3dab0d91624dcea15be87e64b') in 0.001829 seconds
  Import took 0.005363 seconds .

========================================================================
Received Import Request.
  Time since last request: 0.282968 seconds.
  path: Assets/Scenes/SuiTang.unity
  artifactKey: Guid(9fc0d4010bbf28b4594072e72b8655ab) Importer(815301076,1909f56bfc062723c751e8b465ee728b)
Start importing Assets/Scenes/SuiTang.unity using Guid(9fc0d4010bbf28b4594072e72b8655ab) Importer(815301076,1909f56bfc062723c751e8b465ee728b)  -> (artifact id: 'e00c2613e1d6d770ada5633be2e39798') in 0.001914 seconds
  Import took 0.005462 seconds .

========================================================================
Received Prepare
Registering precompiled user dll's ...
Registered in 0.000775 seconds.
Begin MonoManager ReloadAssembly
Native extension for WindowsStandalone target not found
Refreshing native plugins compatible for Editor in 0.52 ms, found 1 plugins.
Preloading 0 native plugins for Editor in 0.00 ms.
Invoked RoslynAnalysisRunner static constructor.
RoslynAnalysisRunner will not be running.
RoslynAnalysisRunner has terminated.
Mono: successfully reloaded assembly
- Completed reload, in  0.611 seconds
Platform modules already initialized, skipping
Refreshing native plugins compatible for Editor in 0.60 ms, found 1 plugins.
Preloading 0 native plugins for Editor in 0.00 ms.
Unloading 2494 Unused Serialized files (Serialized files now loaded: 0)
System memory in use before: 115.4 MB.
System memory in use after: 115.6 MB.

Unloading 7 unused Assets to reduce memory usage. Loaded Objects now: 3074.
Total: 1.905300 ms (FindLiveObjects: 0.292100 ms CreateObjectMapping: 0.075600 ms MarkObjects: 1.522600 ms  DeleteObjects: 0.014300 ms)

========================================================================
Received Prepare
Registering precompiled user dll's ...
Registered in 0.000775 seconds.
Begin MonoManager ReloadAssembly
Native extension for WindowsStandalone target not found
Refreshing native plugins compatible for Editor in 0.54 ms, found 1 plugins.
Preloading 0 native plugins for Editor in 0.00 ms.
Invoked RoslynAnalysisRunner static constructor.
RoslynAnalysisRunner will not be running.
RoslynAnalysisRunner has terminated.
Mono: successfully reloaded assembly
- Completed reload, in  0.623 seconds
Platform modules already initialized, skipping
Refreshing native plugins compatible for Editor in 0.52 ms, found 1 plugins.
Preloading 0 native plugins for Editor in 0.00 ms.
Unloading 2494 Unused Serialized files (Serialized files now loaded: 0)
System memory in use before: 115.4 MB.
System memory in use after: 115.7 MB.

Unloading 7 unused Assets to reduce memory usage. Loaded Objects now: 3077.
Total: 1.886700 ms (FindLiveObjects: 0.301200 ms CreateObjectMapping: 0.079100 ms MarkObjects: 1.491100 ms  DeleteObjects: 0.014500 ms)

========================================================================
Received Prepare
Registering precompiled user dll's ...
Registered in 0.000781 seconds.
Begin MonoManager ReloadAssembly
Native extension for WindowsStandalone target not found
Refreshing native plugins compatible for Editor in 0.51 ms, found 1 plugins.
Preloading 0 native plugins for Editor in 0.00 ms.
Invoked RoslynAnalysisRunner static constructor.
RoslynAnalysisRunner will not be running.
RoslynAnalysisRunner has terminated.
Mono: successfully reloaded assembly
- Completed reload, in  0.613 seconds
Platform modules already initialized, skipping
Refreshing native plugins compatible for Editor in 0.52 ms, found 1 plugins.
Preloading 0 native plugins for Editor in 0.00 ms.
Unloading 2494 Unused Serialized files (Serialized files now loaded: 0)
System memory in use before: 115.4 MB.
System memory in use after: 115.7 MB.

Unloading 7 unused Assets to reduce memory usage. Loaded Objects now: 3080.
Total: 1.907500 ms (FindLiveObjects: 0.252900 ms CreateObjectMapping: 0.070700 ms MarkObjects: 1.569400 ms  DeleteObjects: 0.013700 ms)

========================================================================
Received Import Request.
  Time since last request: 1230.581781 seconds.
  path: Assets/Scenes/shanhaipart.unity
  artifactKey: Guid(b1ae28ca26f2d824695a6bd6abf1777c) Importer(815301076,1909f56bfc062723c751e8b465ee728b)
Start importing Assets/Scenes/shanhaipart.unity using Guid(b1ae28ca26f2d824695a6bd6abf1777c) Importer(815301076,1909f56bfc062723c751e8b465ee728b)  -> (artifact id: 'ac90d43769acca377ef0b8c410cdf025') in 0.012176 seconds
  Import took 0.015762 seconds .

========================================================================
Received Prepare
Registering precompiled user dll's ...
Registered in 0.000776 seconds.
Begin MonoManager ReloadAssembly
Native extension for WindowsStandalone target not found
Refreshing native plugins compatible for Editor in 0.51 ms, found 1 plugins.
Preloading 0 native plugins for Editor in 0.00 ms.
Invoked RoslynAnalysisRunner static constructor.
RoslynAnalysisRunner will not be running.
RoslynAnalysisRunner has terminated.
Mono: successfully reloaded assembly
- Completed reload, in  0.612 seconds
Platform modules already initialized, skipping
Refreshing native plugins compatible for Editor in 0.51 ms, found 1 plugins.
Preloading 0 native plugins for Editor in 0.00 ms.
Unloading 2494 Unused Serialized files (Serialized files now loaded: 0)
System memory in use before: 115.5 MB.
System memory in use after: 115.7 MB.

Unloading 7 unused Assets to reduce memory usage. Loaded Objects now: 3083.
Total: 2.122000 ms (FindLiveObjects: 0.314500 ms CreateObjectMapping: 0.075100 ms MarkObjects: 1.718900 ms  DeleteObjects: 0.012900 ms)

========================================================================
Received Prepare
Registering precompiled user dll's ...
Registered in 0.000869 seconds.
Begin MonoManager ReloadAssembly
Native extension for WindowsStandalone target not found
Refreshing native plugins compatible for Editor in 1.14 ms, found 1 plugins.
Preloading 0 native plugins for Editor in 0.00 ms.
Invoked RoslynAnalysisRunner static constructor.
RoslynAnalysisRunner will not be running.
RoslynAnalysisRunner has terminated.
Mono: successfully reloaded assembly
- Completed reload, in  0.762 seconds
Platform modules already initialized, skipping
Refreshing native plugins compatible for Editor in 0.55 ms, found 1 plugins.
Preloading 0 native plugins for Editor in 0.00 ms.
Unloading 2495 Unused Serialized files (Serialized files now loaded: 0)
System memory in use before: 115.5 MB.
System memory in use after: 115.7 MB.

Unloading 7 unused Assets to reduce memory usage. Loaded Objects now: 3087.
Total: 2.548800 ms (FindLiveObjects: 0.394100 ms CreateObjectMapping: 0.176300 ms MarkObjects: 1.961600 ms  DeleteObjects: 0.016000 ms)

========================================================================
Received Import Request.
  Time since last request: 255.737204 seconds.
  path: Assets/Final/ShanHaiPart.cs
  artifactKey: Guid(3e465a99183cd0c4199c252e7baa3edd) Importer(815301076,1909f56bfc062723c751e8b465ee728b)
Start importing Assets/Final/ShanHaiPart.cs using Guid(3e465a99183cd0c4199c252e7baa3edd) Importer(815301076,1909f56bfc062723c751e8b465ee728b)  -> (artifact id: 'fbac1d83c8fe4190ebc1979a416853fd') in 0.009754 seconds
  Import took 0.013484 seconds .

========================================================================
Received Prepare
Registering precompiled user dll's ...
Registered in 0.000777 seconds.
Begin MonoManager ReloadAssembly
Native extension for WindowsStandalone target not found
Refreshing native plugins compatible for Editor in 0.55 ms, found 1 plugins.
Preloading 0 native plugins for Editor in 0.00 ms.
Invoked RoslynAnalysisRunner static constructor.
RoslynAnalysisRunner will not be running.
RoslynAnalysisRunner has terminated.
Mono: successfully reloaded assembly
- Completed reload, in  0.731 seconds
Platform modules already initialized, skipping
Refreshing native plugins compatible for Editor in 0.72 ms, found 1 plugins.
Preloading 0 native plugins for Editor in 0.00 ms.
Unloading 2495 Unused Serialized files (Serialized files now loaded: 0)
System memory in use before: 115.5 MB.
System memory in use after: 115.7 MB.

Unloading 7 unused Assets to reduce memory usage. Loaded Objects now: 3090.
Total: 3.613400 ms (FindLiveObjects: 1.110400 ms CreateObjectMapping: 0.201800 ms MarkObjects: 2.276000 ms  DeleteObjects: 0.024100 ms)

========================================================================
Received Prepare
Registering precompiled user dll's ...
Registered in 0.000833 seconds.
Begin MonoManager ReloadAssembly
Native extension for WindowsStandalone target not found
Refreshing native plugins compatible for Editor in 0.55 ms, found 1 plugins.
Preloading 0 native plugins for Editor in 0.00 ms.
Invoked RoslynAnalysisRunner static constructor.
RoslynAnalysisRunner will not be running.
RoslynAnalysisRunner has terminated.
Mono: successfully reloaded assembly
- Completed reload, in  0.629 seconds
Platform modules already initialized, skipping
Refreshing native plugins compatible for Editor in 0.51 ms, found 1 plugins.
Preloading 0 native plugins for Editor in 0.00 ms.
Unloading 2495 Unused Serialized files (Serialized files now loaded: 0)
System memory in use before: 115.4 MB.
System memory in use after: 115.6 MB.

Unloading 7 unused Assets to reduce memory usage. Loaded Objects now: 3093.
Total: 2.065700 ms (FindLiveObjects: 0.252200 ms CreateObjectMapping: 0.109700 ms MarkObjects: 1.689400 ms  DeleteObjects: 0.013700 ms)

========================================================================
Received Prepare
Registering precompiled user dll's ...
Registered in 0.000832 seconds.
Begin MonoManager ReloadAssembly
Native extension for WindowsStandalone target not found
Refreshing native plugins compatible for Editor in 0.51 ms, found 1 plugins.
Preloading 0 native plugins for Editor in 0.00 ms.
Invoked RoslynAnalysisRunner static constructor.
RoslynAnalysisRunner will not be running.
RoslynAnalysisRunner has terminated.
Mono: successfully reloaded assembly
- Completed reload, in  0.614 seconds
Platform modules already initialized, skipping
Refreshing native plugins compatible for Editor in 0.51 ms, found 1 plugins.
Preloading 0 native plugins for Editor in 0.00 ms.
Unloading 2495 Unused Serialized files (Serialized files now loaded: 0)
System memory in use before: 115.5 MB.
System memory in use after: 115.7 MB.

Unloading 7 unused Assets to reduce memory usage. Loaded Objects now: 3096.
Total: 2.539000 ms (FindLiveObjects: 0.304000 ms CreateObjectMapping: 0.082100 ms MarkObjects: 2.136800 ms  DeleteObjects: 0.015200 ms)

========================================================================
Received Prepare
Registering precompiled user dll's ...
Registered in 0.000785 seconds.
Begin MonoManager ReloadAssembly
Native extension for WindowsStandalone target not found
Refreshing native plugins compatible for Editor in 0.51 ms, found 1 plugins.
Preloading 0 native plugins for Editor in 0.00 ms.
Invoked RoslynAnalysisRunner static constructor.
RoslynAnalysisRunner will not be running.
RoslynAnalysisRunner has terminated.
Mono: successfully reloaded assembly
- Completed reload, in  0.634 seconds
Platform modules already initialized, skipping
Refreshing native plugins compatible for Editor in 0.50 ms, found 1 plugins.
Preloading 0 native plugins for Editor in 0.00 ms.
Unloading 2495 Unused Serialized files (Serialized files now loaded: 0)
System memory in use before: 115.5 MB.
System memory in use after: 115.7 MB.

Unloading 7 unused Assets to reduce memory usage. Loaded Objects now: 3099.
Total: 1.836600 ms (FindLiveObjects: 0.268000 ms CreateObjectMapping: 0.063500 ms MarkObjects: 1.490800 ms  DeleteObjects: 0.013100 ms)

========================================================================
Received Prepare
Registering precompiled user dll's ...
Registered in 0.000933 seconds.
Begin MonoManager ReloadAssembly
Native extension for WindowsStandalone target not found
Refreshing native plugins compatible for Editor in 0.52 ms, found 1 plugins.
Preloading 0 native plugins for Editor in 0.00 ms.
Invoked RoslynAnalysisRunner static constructor.
RoslynAnalysisRunner will not be running.
RoslynAnalysisRunner has terminated.
Mono: successfully reloaded assembly
- Completed reload, in  0.614 seconds
Platform modules already initialized, skipping
Refreshing native plugins compatible for Editor in 0.51 ms, found 1 plugins.
Preloading 0 native plugins for Editor in 0.00 ms.
Unloading 2495 Unused Serialized files (Serialized files now loaded: 0)
System memory in use before: 115.5 MB.
System memory in use after: 115.8 MB.

Unloading 7 unused Assets to reduce memory usage. Loaded Objects now: 3102.
Total: 2.211400 ms (FindLiveObjects: 0.320400 ms CreateObjectMapping: 0.090500 ms MarkObjects: 1.784100 ms  DeleteObjects: 0.015200 ms)

========================================================================
Received Import Request.
  Time since last request: 953.870968 seconds.
  path: Assets/Material-X
  artifactKey: Guid(e2477c18395d55a44ae07a0e25fd164f) Importer(815301076,1909f56bfc062723c751e8b465ee728b)
Start importing Assets/Material-X using Guid(e2477c18395d55a44ae07a0e25fd164f) Importer(815301076,1909f56bfc062723c751e8b465ee728b)  -> (artifact id: 'ce6742b8c7ed61cfbe914afad48efd91') in 0.005495 seconds
  Import took 0.009186 seconds .

========================================================================
Received Import Request.
  Time since last request: 0.354910 seconds.
  path: Assets/Ming
  artifactKey: Guid(f9a60c350cf73e9499f49b8ae3976101) Importer(815301076,1909f56bfc062723c751e8b465ee728b)
Start importing Assets/Ming using Guid(f9a60c350cf73e9499f49b8ae3976101) Importer(815301076,1909f56bfc062723c751e8b465ee728b)  -> (artifact id: '0675a94d58752e06e066d25beb02922a') in 0.002034 seconds
  Import took 0.005617 seconds .

========================================================================
Received Import Request.
  Time since last request: 14.873347 seconds.
  path: Assets/Scenes/shanhaipart.unity
  artifactKey: Guid(b1ae28ca26f2d824695a6bd6abf1777c) Importer(815301076,1909f56bfc062723c751e8b465ee728b)
Start importing Assets/Scenes/shanhaipart.unity using Guid(b1ae28ca26f2d824695a6bd6abf1777c) Importer(815301076,1909f56bfc062723c751e8b465ee728b)  -> (artifact id: '77d00fbd5c80d86984cd047d8c62b494') in 0.007318 seconds
  Import took 0.010776 seconds .

========================================================================
Received Prepare
Registering precompiled user dll's ...
Registered in 0.000822 seconds.
Begin MonoManager ReloadAssembly
Native extension for WindowsStandalone target not found
Refreshing native plugins compatible for Editor in 0.53 ms, found 1 plugins.
Preloading 0 native plugins for Editor in 0.00 ms.
Invoked RoslynAnalysisRunner static constructor.
RoslynAnalysisRunner will not be running.
RoslynAnalysisRunner has terminated.
Mono: successfully reloaded assembly
- Completed reload, in  0.618 seconds
Platform modules already initialized, skipping
Refreshing native plugins compatible for Editor in 0.56 ms, found 1 plugins.
Preloading 0 native plugins for Editor in 0.00 ms.
Unloading 2495 Unused Serialized files (Serialized files now loaded: 0)
System memory in use before: 115.5 MB.
System memory in use after: 115.8 MB.

Unloading 7 unused Assets to reduce memory usage. Loaded Objects now: 3105.
Total: 2.188300 ms (FindLiveObjects: 0.279100 ms CreateObjectMapping: 0.072900 ms MarkObjects: 1.819300 ms  DeleteObjects: 0.016000 ms)

========================================================================
Received Import Request.
  Time since last request: 153.435556 seconds.
  path: Assets/Plugins
  artifactKey: Guid(e180583bc8f3d90428e4a206c253dbee) Importer(815301076,1909f56bfc062723c751e8b465ee728b)
Start importing Assets/Plugins using Guid(e180583bc8f3d90428e4a206c253dbee) Importer(815301076,1909f56bfc062723c751e8b465ee728b)  -> (artifact id: 'b92d3ce671633fb64e0063ec80d12237') in 0.005246 seconds
  Import took 0.008840 seconds .

========================================================================
Received Import Request.
  Time since last request: 138.424109 seconds.
  path: Assets/Scenes/zhuanchang2.unity
  artifactKey: Guid(0ea4bcc463dfe2048a0072cdd9c2f623) Importer(815301076,1909f56bfc062723c751e8b465ee728b)
Start importing Assets/Scenes/zhuanchang2.unity using Guid(0ea4bcc463dfe2048a0072cdd9c2f623) Importer(815301076,1909f56bfc062723c751e8b465ee728b)  -> (artifact id: '71dcbb9f879214874c10d89066eb7bca') in 0.009887 seconds
  Import took 0.013577 seconds .

========================================================================
Received Prepare
Registering precompiled user dll's ...
Registered in 0.000807 seconds.
Begin MonoManager ReloadAssembly
Native extension for WindowsStandalone target not found
Refreshing native plugins compatible for Editor in 0.53 ms, found 1 plugins.
Preloading 0 native plugins for Editor in 0.00 ms.
Invoked RoslynAnalysisRunner static constructor.
RoslynAnalysisRunner will not be running.
RoslynAnalysisRunner has terminated.
Mono: successfully reloaded assembly
- Completed reload, in  0.631 seconds
Platform modules already initialized, skipping
Refreshing native plugins compatible for Editor in 0.52 ms, found 1 plugins.
Preloading 0 native plugins for Editor in 0.00 ms.
Unloading 2495 Unused Serialized files (Serialized files now loaded: 0)
System memory in use before: 115.5 MB.
System memory in use after: 115.7 MB.

Unloading 7 unused Assets to reduce memory usage. Loaded Objects now: 3108.
Total: 2.138800 ms (FindLiveObjects: 0.333400 ms CreateObjectMapping: 0.077400 ms MarkObjects: 1.712300 ms  DeleteObjects: 0.014700 ms)

========================================================================
Received Import Request.
  Time since last request: 104.875689 seconds.
  path: Assets/Scenes/Song-Ming.unity
  artifactKey: Guid(f1c0e4f1d84eabc43be02c97ecf9331b) Importer(815301076,1909f56bfc062723c751e8b465ee728b)
Start importing Assets/Scenes/Song-Ming.unity using Guid(f1c0e4f1d84eabc43be02c97ecf9331b) Importer(815301076,1909f56bfc062723c751e8b465ee728b)  -> (artifact id: 'cf48efb52948a31238c00bfba31c02e9') in 0.013129 seconds
  Import took 0.016973 seconds .

========================================================================
Received Prepare
Registering precompiled user dll's ...
Registered in 0.000786 seconds.
Begin MonoManager ReloadAssembly
Native extension for WindowsStandalone target not found
Refreshing native plugins compatible for Editor in 0.53 ms, found 1 plugins.
Preloading 0 native plugins for Editor in 0.00 ms.
Invoked RoslynAnalysisRunner static constructor.
RoslynAnalysisRunner will not be running.
RoslynAnalysisRunner has terminated.
Mono: successfully reloaded assembly
- Completed reload, in  0.639 seconds
Platform modules already initialized, skipping
Refreshing native plugins compatible for Editor in 0.61 ms, found 1 plugins.
Preloading 0 native plugins for Editor in 0.00 ms.
Unloading 2495 Unused Serialized files (Serialized files now loaded: 0)
System memory in use before: 115.6 MB.
System memory in use after: 115.8 MB.

Unloading 7 unused Assets to reduce memory usage. Loaded Objects now: 3111.
Total: 2.155700 ms (FindLiveObjects: 0.257400 ms CreateObjectMapping: 0.112300 ms MarkObjects: 1.770600 ms  DeleteObjects: 0.014900 ms)

========================================================================
Received Import Request.
  Time since last request: 22.222885 seconds.
  path: Assets/Scenes/Song-Ming.unity
  artifactKey: Guid(f1c0e4f1d84eabc43be02c97ecf9331b) Importer(815301076,1909f56bfc062723c751e8b465ee728b)
Start importing Assets/Scenes/Song-Ming.unity using Guid(f1c0e4f1d84eabc43be02c97ecf9331b) Importer(815301076,1909f56bfc062723c751e8b465ee728b)  -> (artifact id: '8083c8b89b1c639722e0c779a83d4575') in 0.012016 seconds
  Import took 0.016040 seconds .

========================================================================
Received Import Request.
  Time since last request: 95.199774 seconds.
  path: Assets/Scenes/SuiTang.unity
  artifactKey: Guid(9fc0d4010bbf28b4594072e72b8655ab) Importer(815301076,1909f56bfc062723c751e8b465ee728b)
Start importing Assets/Scenes/SuiTang.unity using Guid(9fc0d4010bbf28b4594072e72b8655ab) Importer(815301076,1909f56bfc062723c751e8b465ee728b)  -> (artifact id: 'add367970f5b42d780afe6364e98d869') in 0.001877 seconds
  Import took 0.005554 seconds .

========================================================================
Received Prepare
Registering precompiled user dll's ...
Registered in 0.000759 seconds.
Begin MonoManager ReloadAssembly
Native extension for WindowsStandalone target not found
Refreshing native plugins compatible for Editor in 0.51 ms, found 1 plugins.
Preloading 0 native plugins for Editor in 0.00 ms.
Invoked RoslynAnalysisRunner static constructor.
RoslynAnalysisRunner will not be running.
RoslynAnalysisRunner has terminated.
Mono: successfully reloaded assembly
- Completed reload, in  0.612 seconds
Platform modules already initialized, skipping
Refreshing native plugins compatible for Editor in 0.51 ms, found 1 plugins.
Preloading 0 native plugins for Editor in 0.00 ms.
Unloading 2495 Unused Serialized files (Serialized files now loaded: 0)
System memory in use before: 115.6 MB.
System memory in use after: 115.8 MB.

Unloading 7 unused Assets to reduce memory usage. Loaded Objects now: 3114.
Total: 2.130700 ms (FindLiveObjects: 0.372800 ms CreateObjectMapping: 0.079800 ms MarkObjects: 1.664200 ms  DeleteObjects: 0.012800 ms)

========================================================================
Received Prepare
Registering precompiled user dll's ...
Registered in 0.000803 seconds.
Begin MonoManager ReloadAssembly
Native extension for WindowsStandalone target not found
Refreshing native plugins compatible for Editor in 0.52 ms, found 1 plugins.
Preloading 0 native plugins for Editor in 0.00 ms.
Invoked RoslynAnalysisRunner static constructor.
RoslynAnalysisRunner will not be running.
RoslynAnalysisRunner has terminated.
Mono: successfully reloaded assembly
- Completed reload, in  0.630 seconds
Platform modules already initialized, skipping
Refreshing native plugins compatible for Editor in 0.56 ms, found 1 plugins.
Preloading 0 native plugins for Editor in 0.00 ms.
Unloading 2495 Unused Serialized files (Serialized files now loaded: 0)
System memory in use before: 115.6 MB.
System memory in use after: 115.8 MB.

Unloading 7 unused Assets to reduce memory usage. Loaded Objects now: 3117.
Total: 2.339300 ms (FindLiveObjects: 0.442300 ms CreateObjectMapping: 0.121700 ms MarkObjects: 1.755900 ms  DeleteObjects: 0.018700 ms)

========================================================================
Received Prepare
Registering precompiled user dll's ...
Registered in 0.000801 seconds.
Begin MonoManager ReloadAssembly
Native extension for WindowsStandalone target not found
Refreshing native plugins compatible for Editor in 0.51 ms, found 1 plugins.
Preloading 0 native plugins for Editor in 0.00 ms.
Invoked RoslynAnalysisRunner static constructor.
RoslynAnalysisRunner will not be running.
RoslynAnalysisRunner has terminated.
Mono: successfully reloaded assembly
- Completed reload, in  0.639 seconds
Platform modules already initialized, skipping
Refreshing native plugins compatible for Editor in 0.52 ms, found 1 plugins.
Preloading 0 native plugins for Editor in 0.00 ms.
Unloading 2495 Unused Serialized files (Serialized files now loaded: 0)
System memory in use before: 115.6 MB.
System memory in use after: 115.8 MB.

Unloading 7 unused Assets to reduce memory usage. Loaded Objects now: 3120.
Total: 2.023100 ms (FindLiveObjects: 0.301700 ms CreateObjectMapping: 0.078000 ms MarkObjects: 1.628300 ms  DeleteObjects: 0.014400 ms)

========================================================================
Received Prepare
Registering precompiled user dll's ...
Registered in 0.000813 seconds.
Begin MonoManager ReloadAssembly
Native extension for WindowsStandalone target not found
Refreshing native plugins compatible for Editor in 0.51 ms, found 1 plugins.
Preloading 0 native plugins for Editor in 0.00 ms.
Invoked RoslynAnalysisRunner static constructor.
RoslynAnalysisRunner will not be running.
RoslynAnalysisRunner has terminated.
Mono: successfully reloaded assembly
- Completed reload, in  0.635 seconds
Platform modules already initialized, skipping
Refreshing native plugins compatible for Editor in 0.51 ms, found 1 plugins.
Preloading 0 native plugins for Editor in 0.00 ms.
Unloading 2495 Unused Serialized files (Serialized files now loaded: 0)
System memory in use before: 115.5 MB.
System memory in use after: 115.7 MB.

Unloading 7 unused Assets to reduce memory usage. Loaded Objects now: 3123.
Total: 2.048300 ms (FindLiveObjects: 0.304300 ms CreateObjectMapping: 0.080800 ms MarkObjects: 1.647900 ms  DeleteObjects: 0.014600 ms)

========================================================================
Received Prepare
Registering precompiled user dll's ...
Registered in 0.000740 seconds.
Begin MonoManager ReloadAssembly
Native extension for WindowsStandalone target not found
Refreshing native plugins compatible for Editor in 0.55 ms, found 1 plugins.
Preloading 0 native plugins for Editor in 0.00 ms.
Invoked RoslynAnalysisRunner static constructor.
RoslynAnalysisRunner will not be running.
RoslynAnalysisRunner has terminated.
Mono: successfully reloaded assembly
- Completed reload, in  0.629 seconds
Platform modules already initialized, skipping
Refreshing native plugins compatible for Editor in 0.51 ms, found 1 plugins.
Preloading 0 native plugins for Editor in 0.00 ms.
Unloading 2495 Unused Serialized files (Serialized files now loaded: 0)
System memory in use before: 115.6 MB.
System memory in use after: 115.9 MB.

Unloading 7 unused Assets to reduce memory usage. Loaded Objects now: 3126.
Total: 2.134100 ms (FindLiveObjects: 0.317300 ms CreateObjectMapping: 0.087900 ms MarkObjects: 1.713700 ms  DeleteObjects: 0.014500 ms)

========================================================================
Received Prepare
Registering precompiled user dll's ...
Registered in 0.000854 seconds.
Begin MonoManager ReloadAssembly
Native extension for WindowsStandalone target not found
Refreshing native plugins compatible for Editor in 0.53 ms, found 1 plugins.
Preloading 0 native plugins for Editor in 0.00 ms.
Invoked RoslynAnalysisRunner static constructor.
RoslynAnalysisRunner will not be running.
RoslynAnalysisRunner has terminated.
Mono: successfully reloaded assembly
- Completed reload, in  0.614 seconds
Platform modules already initialized, skipping
Refreshing native plugins compatible for Editor in 0.51 ms, found 1 plugins.
Preloading 0 native plugins for Editor in 0.00 ms.
Unloading 2495 Unused Serialized files (Serialized files now loaded: 0)
System memory in use before: 115.6 MB.
System memory in use after: 115.9 MB.

Unloading 7 unused Assets to reduce memory usage. Loaded Objects now: 3129.
Total: 2.585700 ms (FindLiveObjects: 0.516700 ms CreateObjectMapping: 0.092900 ms MarkObjects: 1.959900 ms  DeleteObjects: 0.015200 ms)

========================================================================
Received Prepare
Registering precompiled user dll's ...
Registered in 0.000798 seconds.
Begin MonoManager ReloadAssembly
Native extension for WindowsStandalone target not found
Refreshing native plugins compatible for Editor in 0.53 ms, found 1 plugins.
Preloading 0 native plugins for Editor in 0.00 ms.
Invoked RoslynAnalysisRunner static constructor.
RoslynAnalysisRunner will not be running.
RoslynAnalysisRunner has terminated.
Mono: successfully reloaded assembly
- Completed reload, in  0.641 seconds
Platform modules already initialized, skipping
Refreshing native plugins compatible for Editor in 0.52 ms, found 1 plugins.
Preloading 0 native plugins for Editor in 0.00 ms.
Unloading 2495 Unused Serialized files (Serialized files now loaded: 0)
System memory in use before: 115.6 MB.
System memory in use after: 115.9 MB.

Unloading 7 unused Assets to reduce memory usage. Loaded Objects now: 3132.
Total: 1.906700 ms (FindLiveObjects: 0.283800 ms CreateObjectMapping: 0.072900 ms MarkObjects: 1.535100 ms  DeleteObjects: 0.014000 ms)

========================================================================
Received Prepare
Registering precompiled user dll's ...
Registered in 0.000811 seconds.
Begin MonoManager ReloadAssembly
Native extension for WindowsStandalone target not found
Refreshing native plugins compatible for Editor in 0.59 ms, found 1 plugins.
Preloading 0 native plugins for Editor in 0.00 ms.
Invoked RoslynAnalysisRunner static constructor.
RoslynAnalysisRunner will not be running.
RoslynAnalysisRunner has terminated.
Mono: successfully reloaded assembly
- Completed reload, in  0.668 seconds
Platform modules already initialized, skipping
Refreshing native plugins compatible for Editor in 0.56 ms, found 1 plugins.
Preloading 0 native plugins for Editor in 0.00 ms.
Unloading 2495 Unused Serialized files (Serialized files now loaded: 0)
System memory in use before: 115.7 MB.
System memory in use after: 115.9 MB.

Unloading 7 unused Assets to reduce memory usage. Loaded Objects now: 3135.
Total: 2.167500 ms (FindLiveObjects: 0.275900 ms CreateObjectMapping: 0.090300 ms MarkObjects: 1.786700 ms  DeleteObjects: 0.014100 ms)

========================================================================
Received Prepare
Registering precompiled user dll's ...
Registered in 0.000724 seconds.
Begin MonoManager ReloadAssembly
Native extension for WindowsStandalone target not found
Refreshing native plugins compatible for Editor in 0.53 ms, found 1 plugins.
Preloading 0 native plugins for Editor in 0.00 ms.
Invoked RoslynAnalysisRunner static constructor.
RoslynAnalysisRunner will not be running.
RoslynAnalysisRunner has terminated.
Mono: successfully reloaded assembly
- Completed reload, in  0.622 seconds
Platform modules already initialized, skipping
Refreshing native plugins compatible for Editor in 0.53 ms, found 1 plugins.
Preloading 0 native plugins for Editor in 0.00 ms.
Unloading 2495 Unused Serialized files (Serialized files now loaded: 0)
System memory in use before: 115.6 MB.
System memory in use after: 115.8 MB.

Unloading 7 unused Assets to reduce memory usage. Loaded Objects now: 3138.
Total: 1.835100 ms (FindLiveObjects: 0.252600 ms CreateObjectMapping: 0.059600 ms MarkObjects: 1.508600 ms  DeleteObjects: 0.013300 ms)

========================================================================
Received Prepare
Registering precompiled user dll's ...
Registered in 0.000778 seconds.
Begin MonoManager ReloadAssembly
Native extension for WindowsStandalone target not found
Refreshing native plugins compatible for Editor in 0.53 ms, found 1 plugins.
Preloading 0 native plugins for Editor in 0.00 ms.
Invoked RoslynAnalysisRunner static constructor.
RoslynAnalysisRunner will not be running.
RoslynAnalysisRunner has terminated.
Mono: successfully reloaded assembly
- Completed reload, in  0.660 seconds
Platform modules already initialized, skipping
Refreshing native plugins compatible for Editor in 0.53 ms, found 1 plugins.
Preloading 0 native plugins for Editor in 0.00 ms.
Unloading 2495 Unused Serialized files (Serialized files now loaded: 0)
System memory in use before: 115.7 MB.
System memory in use after: 115.9 MB.

Unloading 7 unused Assets to reduce memory usage. Loaded Objects now: 3141.
Total: 2.214700 ms (FindLiveObjects: 0.397000 ms CreateObjectMapping: 0.087300 ms MarkObjects: 1.712700 ms  DeleteObjects: 0.016400 ms)

========================================================================
Received Prepare
Registering precompiled user dll's ...
Registered in 0.000881 seconds.
Begin MonoManager ReloadAssembly
Native extension for WindowsStandalone target not found
Refreshing native plugins compatible for Editor in 0.52 ms, found 1 plugins.
Preloading 0 native plugins for Editor in 0.00 ms.
Invoked RoslynAnalysisRunner static constructor.
RoslynAnalysisRunner will not be running.
RoslynAnalysisRunner has terminated.
Mono: successfully reloaded assembly
- Completed reload, in  0.660 seconds
Platform modules already initialized, skipping
Refreshing native plugins compatible for Editor in 0.54 ms, found 1 plugins.
Preloading 0 native plugins for Editor in 0.00 ms.
Unloading 2495 Unused Serialized files (Serialized files now loaded: 0)
System memory in use before: 115.7 MB.
System memory in use after: 115.9 MB.

Unloading 7 unused Assets to reduce memory usage. Loaded Objects now: 3144.
Total: 2.189200 ms (FindLiveObjects: 0.325900 ms CreateObjectMapping: 0.092400 ms MarkObjects: 1.754500 ms  DeleteObjects: 0.015200 ms)

========================================================================
Received Prepare
Registering precompiled user dll's ...
Registered in 0.000808 seconds.
Begin MonoManager ReloadAssembly
Native extension for WindowsStandalone target not found
Refreshing native plugins compatible for Editor in 0.51 ms, found 1 plugins.
Preloading 0 native plugins for Editor in 0.00 ms.
Invoked RoslynAnalysisRunner static constructor.
RoslynAnalysisRunner will not be running.
RoslynAnalysisRunner has terminated.
Mono: successfully reloaded assembly
- Completed reload, in  0.622 seconds
Platform modules already initialized, skipping
Refreshing native plugins compatible for Editor in 0.56 ms, found 1 plugins.
Preloading 0 native plugins for Editor in 0.00 ms.
Unloading 2495 Unused Serialized files (Serialized files now loaded: 0)
System memory in use before: 115.7 MB.
System memory in use after: 115.9 MB.

Unloading 7 unused Assets to reduce memory usage. Loaded Objects now: 3147.
Total: 1.849700 ms (FindLiveObjects: 0.254800 ms CreateObjectMapping: 0.061800 ms MarkObjects: 1.518600 ms  DeleteObjects: 0.013800 ms)

========================================================================
Received Import Request.
  Time since last request: 1673.215505 seconds.
  path: Assets/PhysicMaterial/NoFriction.physicsMaterial2D
  artifactKey: Guid(40c704a17bf25ab4b9a37f5b4ae11541) Importer(815301076,1909f56bfc062723c751e8b465ee728b)
Start importing Assets/PhysicMaterial/NoFriction.physicsMaterial2D using Guid(40c704a17bf25ab4b9a37f5b4ae11541) Importer(815301076,1909f56bfc062723c751e8b465ee728b)  -> (artifact id: 'c655547d7087c1d324adc1e2c971839e') in 0.014390 seconds
  Import took 0.018552 seconds .

========================================================================
Received Prepare
Registering precompiled user dll's ...
Registered in 0.001051 seconds.
Begin MonoManager ReloadAssembly
Native extension for WindowsStandalone target not found
Refreshing native plugins compatible for Editor in 0.55 ms, found 1 plugins.
Preloading 0 native plugins for Editor in 0.00 ms.
Invoked RoslynAnalysisRunner static constructor.
RoslynAnalysisRunner will not be running.
RoslynAnalysisRunner has terminated.
Mono: successfully reloaded assembly
- Completed reload, in  0.668 seconds
Platform modules already initialized, skipping
Refreshing native plugins compatible for Editor in 0.53 ms, found 1 plugins.
Preloading 0 native plugins for Editor in 0.00 ms.
Unloading 2495 Unused Serialized files (Serialized files now loaded: 0)
System memory in use before: 115.7 MB.
System memory in use after: 115.9 MB.

Unloading 7 unused Assets to reduce memory usage. Loaded Objects now: 3150.
Total: 2.476000 ms (FindLiveObjects: 0.384000 ms CreateObjectMapping: 0.165700 ms MarkObjects: 1.907300 ms  DeleteObjects: 0.017500 ms)

========================================================================
Received Prepare
Registering precompiled user dll's ...
Registered in 0.000897 seconds.
Begin MonoManager ReloadAssembly
Native extension for WindowsStandalone target not found
Refreshing native plugins compatible for Editor in 0.52 ms, found 1 plugins.
Preloading 0 native plugins for Editor in 0.00 ms.
Invoked RoslynAnalysisRunner static constructor.
RoslynAnalysisRunner will not be running.
RoslynAnalysisRunner has terminated.
Mono: successfully reloaded assembly
- Completed reload, in  0.652 seconds
Platform modules already initialized, skipping
Refreshing native plugins compatible for Editor in 0.56 ms, found 1 plugins.
Preloading 0 native plugins for Editor in 0.00 ms.
Unloading 2495 Unused Serialized files (Serialized files now loaded: 0)
System memory in use before: 115.7 MB.
System memory in use after: 115.9 MB.

Unloading 7 unused Assets to reduce memory usage. Loaded Objects now: 3153.
Total: 2.234800 ms (FindLiveObjects: 0.337000 ms CreateObjectMapping: 0.074500 ms MarkObjects: 1.802400 ms  DeleteObjects: 0.020200 ms)

========================================================================
Received Prepare
Registering precompiled user dll's ...
Registered in 0.000805 seconds.
Begin MonoManager ReloadAssembly
Native extension for WindowsStandalone target not found
Refreshing native plugins compatible for Editor in 0.52 ms, found 1 plugins.
Preloading 0 native plugins for Editor in 0.00 ms.
Invoked RoslynAnalysisRunner static constructor.
RoslynAnalysisRunner will not be running.
RoslynAnalysisRunner has terminated.
Mono: successfully reloaded assembly
- Completed reload, in  0.636 seconds
Platform modules already initialized, skipping
Refreshing native plugins compatible for Editor in 0.52 ms, found 1 plugins.
Preloading 0 native plugins for Editor in 0.00 ms.
Unloading 2495 Unused Serialized files (Serialized files now loaded: 0)
System memory in use before: 115.7 MB.
System memory in use after: 115.9 MB.

Unloading 7 unused Assets to reduce memory usage. Loaded Objects now: 3156.
Total: 2.344000 ms (FindLiveObjects: 0.346000 ms CreateObjectMapping: 0.154300 ms MarkObjects: 1.827500 ms  DeleteObjects: 0.015400 ms)

========================================================================
Received Prepare
Registering precompiled user dll's ...
Registered in 0.001317 seconds.
Begin MonoManager ReloadAssembly
Native extension for WindowsStandalone target not found
Refreshing native plugins compatible for Editor in 0.55 ms, found 1 plugins.
Preloading 0 native plugins for Editor in 0.00 ms.
Invoked RoslynAnalysisRunner static constructor.
RoslynAnalysisRunner will not be running.
RoslynAnalysisRunner has terminated.
Mono: successfully reloaded assembly
- Completed reload, in  0.676 seconds
Platform modules already initialized, skipping
Refreshing native plugins compatible for Editor in 0.55 ms, found 1 plugins.
Preloading 0 native plugins for Editor in 0.00 ms.
Unloading 2495 Unused Serialized files (Serialized files now loaded: 0)
System memory in use before: 115.7 MB.
System memory in use after: 115.9 MB.

Unloading 7 unused Assets to reduce memory usage. Loaded Objects now: 3159.
Total: 2.214900 ms (FindLiveObjects: 0.344400 ms CreateObjectMapping: 0.090400 ms MarkObjects: 1.763400 ms  DeleteObjects: 0.016000 ms)

========================================================================
Received Prepare
Registering precompiled user dll's ...
Registered in 0.000895 seconds.
Begin MonoManager ReloadAssembly
Native extension for WindowsStandalone target not found
Refreshing native plugins compatible for Editor in 0.54 ms, found 1 plugins.
Preloading 0 native plugins for Editor in 0.00 ms.
Invoked RoslynAnalysisRunner static constructor.
RoslynAnalysisRunner will not be running.
RoslynAnalysisRunner has terminated.
Mono: successfully reloaded assembly
- Completed reload, in  0.690 seconds
Platform modules already initialized, skipping
Refreshing native plugins compatible for Editor in 0.53 ms, found 1 plugins.
Preloading 0 native plugins for Editor in 0.00 ms.
Unloading 2495 Unused Serialized files (Serialized files now loaded: 0)
System memory in use before: 115.6 MB.
System memory in use after: 115.9 MB.

Unloading 7 unused Assets to reduce memory usage. Loaded Objects now: 3162.
Total: 2.125000 ms (FindLiveObjects: 0.362100 ms CreateObjectMapping: 0.098400 ms MarkObjects: 1.648500 ms  DeleteObjects: 0.015000 ms)

========================================================================
Received Prepare
Registering precompiled user dll's ...
Registered in 0.000873 seconds.
Begin MonoManager ReloadAssembly
Native extension for WindowsStandalone target not found
Refreshing native plugins compatible for Editor in 0.54 ms, found 1 plugins.
Preloading 0 native plugins for Editor in 0.00 ms.
Invoked RoslynAnalysisRunner static constructor.
RoslynAnalysisRunner will not be running.
RoslynAnalysisRunner has terminated.
Mono: successfully reloaded assembly
- Completed reload, in  0.641 seconds
Platform modules already initialized, skipping
Refreshing native plugins compatible for Editor in 0.53 ms, found 1 plugins.
Preloading 0 native plugins for Editor in 0.00 ms.
Unloading 2495 Unused Serialized files (Serialized files now loaded: 0)
System memory in use before: 115.7 MB.
System memory in use after: 116.0 MB.

Unloading 7 unused Assets to reduce memory usage. Loaded Objects now: 3165.
Total: 2.421200 ms (FindLiveObjects: 0.345300 ms CreateObjectMapping: 0.102200 ms MarkObjects: 1.955500 ms  DeleteObjects: 0.016800 ms)

========================================================================
Received Prepare
Registering precompiled user dll's ...
Registered in 0.000925 seconds.
Begin MonoManager ReloadAssembly
Native extension for WindowsStandalone target not found
Refreshing native plugins compatible for Editor in 0.64 ms, found 1 plugins.
Preloading 0 native plugins for Editor in 0.00 ms.
Invoked RoslynAnalysisRunner static constructor.
RoslynAnalysisRunner will not be running.
RoslynAnalysisRunner has terminated.
Mono: successfully reloaded assembly
- Completed reload, in  0.675 seconds
Platform modules already initialized, skipping
Refreshing native plugins compatible for Editor in 0.53 ms, found 1 plugins.
Preloading 0 native plugins for Editor in 0.00 ms.
Unloading 2495 Unused Serialized files (Serialized files now loaded: 0)
System memory in use before: 115.7 MB.
System memory in use after: 116.0 MB.

Unloading 7 unused Assets to reduce memory usage. Loaded Objects now: 3168.
Total: 2.682300 ms (FindLiveObjects: 0.430300 ms CreateObjectMapping: 0.171400 ms MarkObjects: 2.063300 ms  DeleteObjects: 0.016200 ms)

========================================================================
Received Import Request.
  Time since last request: 304.310599 seconds.
  path: Assets/PhysicMaterial/NoFriction.physicsMaterial2D
  artifactKey: Guid(40c704a17bf25ab4b9a37f5b4ae11541) Importer(815301076,1909f56bfc062723c751e8b465ee728b)
Start importing Assets/PhysicMaterial/NoFriction.physicsMaterial2D using Guid(40c704a17bf25ab4b9a37f5b4ae11541) Importer(815301076,1909f56bfc062723c751e8b465ee728b)  -> (artifact id: '64a1888f07c1b381ccb6d2f66b6c2495') in 0.012487 seconds
  Import took 0.016240 seconds .

========================================================================
Received Import Request.
  Time since last request: 0.005344 seconds.
  path: Assets/PhysicMaterial/NoFriction.physicsMaterial2D
  artifactKey: Guid(40c704a17bf25ab4b9a37f5b4ae11541) Importer(815301076,1909f56bfc062723c751e8b465ee728b)
Start importing Assets/PhysicMaterial/NoFriction.physicsMaterial2D using Guid(40c704a17bf25ab4b9a37f5b4ae11541) Importer(815301076,1909f56bfc062723c751e8b465ee728b)  -> (artifact id: '64a1888f07c1b381ccb6d2f66b6c2495') in 0.002147 seconds
  Import took 0.005685 seconds .

========================================================================
Received Prepare
Refreshing native plugins compatible for Editor in 1.40 ms, found 1 plugins.
Preloading 0 native plugins for Editor in 0.00 ms.
Unloading 5 Unused Serialized files (Serialized files now loaded: 0)
System memory in use before: 66.6 MB.
System memory in use after: 66.9 MB.

Unloading 5 unused Assets to reduce memory usage. Loaded Objects now: 3168.
Total: 2.621800 ms (FindLiveObjects: 0.390000 ms CreateObjectMapping: 0.077800 ms MarkObjects: 2.138500 ms  DeleteObjects: 0.013900 ms)

========================================================================
Received Import Request.
  Time since last request: 196.691007 seconds.
  path: Assets/Scenes/SuiTang.unity
  artifactKey: Guid(9fc0d4010bbf28b4594072e72b8655ab) Importer(815301076,1909f56bfc062723c751e8b465ee728b)
Start importing Assets/Scenes/SuiTang.unity using Guid(9fc0d4010bbf28b4594072e72b8655ab) Importer(815301076,1909f56bfc062723c751e8b465ee728b)  -> (artifact id: '488a9d8187671a46bec0ed419c72a264') in 0.003904 seconds
  Import took 0.007797 seconds .

========================================================================
Received Prepare
Registering precompiled user dll's ...
Registered in 0.000734 seconds.
Begin MonoManager ReloadAssembly
Native extension for WindowsStandalone target not found
Refreshing native plugins compatible for Editor in 0.52 ms, found 1 plugins.
Preloading 0 native plugins for Editor in 0.00 ms.
Invoked RoslynAnalysisRunner static constructor.
RoslynAnalysisRunner will not be running.
RoslynAnalysisRunner has terminated.
Mono: successfully reloaded assembly
- Completed reload, in  0.629 seconds
Platform modules already initialized, skipping
Refreshing native plugins compatible for Editor in 0.53 ms, found 1 plugins.
Preloading 0 native plugins for Editor in 0.00 ms.
Unloading 2495 Unused Serialized files (Serialized files now loaded: 0)
System memory in use before: 116.1 MB.
System memory in use after: 116.3 MB.

Unloading 7 unused Assets to reduce memory usage. Loaded Objects now: 3171.
Total: 2.255600 ms (FindLiveObjects: 0.268800 ms CreateObjectMapping: 0.130200 ms MarkObjects: 1.841600 ms  DeleteObjects: 0.014300 ms)

========================================================================
Received Prepare
Registering precompiled user dll's ...
Registered in 0.000701 seconds.
Begin MonoManager ReloadAssembly
Native extension for WindowsStandalone target not found
Refreshing native plugins compatible for Editor in 0.52 ms, found 1 plugins.
Preloading 0 native plugins for Editor in 0.00 ms.
Invoked RoslynAnalysisRunner static constructor.
RoslynAnalysisRunner will not be running.
RoslynAnalysisRunner has terminated.
Mono: successfully reloaded assembly
- Completed reload, in  0.640 seconds
Platform modules already initialized, skipping
Refreshing native plugins compatible for Editor in 0.51 ms, found 1 plugins.
Preloading 0 native plugins for Editor in 0.00 ms.
Unloading 2495 Unused Serialized files (Serialized files now loaded: 0)
System memory in use before: 116.1 MB.
System memory in use after: 116.3 MB.

Unloading 7 unused Assets to reduce memory usage. Loaded Objects now: 3174.
Total: 2.132900 ms (FindLiveObjects: 0.264700 ms CreateObjectMapping: 0.118800 ms MarkObjects: 1.733100 ms  DeleteObjects: 0.015400 ms)

========================================================================
Received Prepare
Refreshing native plugins compatible for Editor in 1.36 ms, found 1 plugins.
Preloading 0 native plugins for Editor in 0.00 ms.
Unloading 5 Unused Serialized files (Serialized files now loaded: 0)
System memory in use before: 67.0 MB.
System memory in use after: 67.2 MB.

Unloading 5 unused Assets to reduce memory usage. Loaded Objects now: 3174.
Total: 2.102600 ms (FindLiveObjects: 0.326900 ms CreateObjectMapping: 0.081500 ms MarkObjects: 1.680200 ms  DeleteObjects: 0.013300 ms)

========================================================================
Received Import Request.
  Time since last request: 324.708720 seconds.
  path: Assets/Scenes/0.unity
  artifactKey: Guid(27decb25f8c2e3d4ba93ff8799c8470d) Importer(815301076,1909f56bfc062723c751e8b465ee728b)
Start importing Assets/Scenes/0.unity using Guid(27decb25f8c2e3d4ba93ff8799c8470d) Importer(815301076,1909f56bfc062723c751e8b465ee728b)  -> (artifact id: '2012c5f3fb1a29918d15bb70b2cc2d54') in 0.008688 seconds
  Import took 0.012491 seconds .

========================================================================
Received Import Request.
  Time since last request: 2.961495 seconds.
  path: Assets/Scenes/1.unity
  artifactKey: Guid(9fc0d4010bbf28b4594072e72b8655ab) Importer(815301076,1909f56bfc062723c751e8b465ee728b)
Start importing Assets/Scenes/1.unity using Guid(9fc0d4010bbf28b4594072e72b8655ab) Importer(815301076,1909f56bfc062723c751e8b465ee728b)  -> (artifact id: 'dc2a00d62a29ee6f0a823222cd108009') in 0.002511 seconds
  Import took 0.006088 seconds .

========================================================================
Received Import Request.
  Time since last request: 3.049941 seconds.
  path: Assets/Scenes/2.unity
  artifactKey: Guid(9fc0d4010bbf28b4594072e72b8655ab) Importer(815301076,1909f56bfc062723c751e8b465ee728b)
Start importing Assets/Scenes/2.unity using Guid(9fc0d4010bbf28b4594072e72b8655ab) Importer(815301076,1909f56bfc062723c751e8b465ee728b)  -> (artifact id: 'e20c5ebddd2db49231f22562f2b1c1c1') in 0.002098 seconds
  Import took 0.005579 seconds .

========================================================================
Received Import Request.
  Time since last request: 2.125461 seconds.
  path: Assets/Scenes/1.unity
  artifactKey: Guid(b1ae28ca26f2d824695a6bd6abf1777c) Importer(815301076,1909f56bfc062723c751e8b465ee728b)
Start importing Assets/Scenes/1.unity using Guid(b1ae28ca26f2d824695a6bd6abf1777c) Importer(815301076,1909f56bfc062723c751e8b465ee728b)  -> (artifact id: '4dfd57ab1f658f101e7d0842dfc8a33d') in 0.001926 seconds
  Import took 0.017047 seconds .

========================================================================
Received Import Request.
  Time since last request: 0.001079 seconds.
  path: Assets/Scenes/1.unity
  artifactKey: Guid(b1ae28ca26f2d824695a6bd6abf1777c) Importer(815301076,1909f56bfc062723c751e8b465ee728b)
Start importing Assets/Scenes/1.unity using Guid(b1ae28ca26f2d824695a6bd6abf1777c) Importer(815301076,1909f56bfc062723c751e8b465ee728b)  -> (artifact id: '4dfd57ab1f658f101e7d0842dfc8a33d') in 0.002123 seconds
  Import took 0.005524 seconds .

========================================================================
Received Import Request.
  Time since last request: 2.583035 seconds.
  path: Assets/Scenes/3.unity
  artifactKey: Guid(f1c0e4f1d84eabc43be02c97ecf9331b) Importer(815301076,1909f56bfc062723c751e8b465ee728b)
Start importing Assets/Scenes/3.unity using Guid(f1c0e4f1d84eabc43be02c97ecf9331b) Importer(815301076,1909f56bfc062723c751e8b465ee728b)  -> (artifact id: 'ad8b9c51d2b8c66f34d3eefda04eebea') in 0.002031 seconds
  Import took 0.005500 seconds .

========================================================================
Received Import Request.
  Time since last request: 2.381294 seconds.
  path: Assets/Scenes/4.unity
  artifactKey: Guid(25b017607da0aa14eba4e58276d5d89d) Importer(815301076,1909f56bfc062723c751e8b465ee728b)
Start importing Assets/Scenes/4.unity using Guid(25b017607da0aa14eba4e58276d5d89d) Importer(815301076,1909f56bfc062723c751e8b465ee728b)  -> (artifact id: 'adbb2925000b7b7695db20efec1ec88f') in 0.002207 seconds
  Import took 0.005705 seconds .

========================================================================
Received Import Request.
  Time since last request: 26.181994 seconds.
  path: Assets/Scenes/3.unity
  artifactKey: Guid(f1c0e4f1d84eabc43be02c97ecf9331b) Importer(815301076,1909f56bfc062723c751e8b465ee728b)
Start importing Assets/Scenes/3.unity using Guid(f1c0e4f1d84eabc43be02c97ecf9331b) Importer(815301076,1909f56bfc062723c751e8b465ee728b)  -> (artifact id: '86b15caaa1b73bd29e72f40014b02a25') in 0.001996 seconds
  Import took 0.005633 seconds .

AssetImportWorkerClient::OnTransportError - code=2 error=End of file
