Using pre-set license
Built from '2020.2/china_unity/release' branch; Version is '2020.2.6f1c1 (88e64323f9a5) revision 8971843'; Using compiler version '192528614'; Build Type 'Release'
OS: 'Windows 10 Home China; OS build 19042.928; Version 2009; 64bit' Language: 'zh' Physical Memory: 15740 MB
BatchMode: 1, IsHumanControllingUs: 0, StartBugReporterOnCrash: 0, Is64bit: 1, IsPro: 0

 COMMAND LINE ARGUMENTS:
D:\Unity\Hub\Editor\2020.2.6f1c1\Editor\Unity.exe
-adb2
-batchMode
-noUpm
-name
AssetImportWorker0
-projectPath
E:/Software Relatives/Competitions/IcyMatch/IcyMatch
-logFile
Logs/AssetImportWorker0.log
-srvPort
54539
Successfully changed project path to: E:/Software Relatives/Competitions/IcyMatch/IcyMatch
E:/Software Relatives/Competitions/IcyMatch/IcyMatch
Using Asset Import Pipeline V2.
Refreshing native plugins compatible for Editor in 26.52 ms, found 1 plugins.
Preloading 0 native plugins for Editor in 0.00 ms.
Initialize engine version: 2020.2.6f1c1 (88e64323f9a5)
[Subsystems] Discovering subsystems at path D:/Unity/Hub/Editor/2020.2.6f1c1/Editor/Data/Resources/UnitySubsystems
[Subsystems] Discovering subsystems at path E:/Software Relatives/Competitions/IcyMatch/IcyMatch/Assets
GfxDevice: creating device client; threaded=0
Direct3D:
    Version:  Direct3D 11.0 [level 11.1]
    Renderer: NVIDIA GeForce RTX 3060 Laptop GPU (ID=0x2520)
    Vendor:   
    VRAM:     6023 MB
    Driver:   27.21.14.5771
Initialize mono
Mono path[0] = 'D:/Unity/Hub/Editor/2020.2.6f1c1/Editor/Data/Managed'
Mono path[1] = 'D:/Unity/Hub/Editor/2020.2.6f1c1/Editor/Data/MonoBleedingEdge/lib/mono/unityjit'
Mono config path = 'D:/Unity/Hub/Editor/2020.2.6f1c1/Editor/Data/MonoBleedingEdge/etc'
Using monoOptions --debugger-agent=transport=dt_socket,embedding=1,server=y,suspend=n,address=127.0.0.1:56820
Begin MonoManager ReloadAssembly
Registering precompiled unity dll's ...
Register platform support module: D:/Unity/Hub/Editor/2020.2.6f1c1/Editor/Data/PlaybackEngines/WindowsStandaloneSupport/UnityEditor.WindowsStandalone.Extensions.dll
Registered in 0.000762 seconds.
Native extension for WindowsStandalone target not found
Refreshing native plugins compatible for Editor in 26.74 ms, found 1 plugins.
Preloading 0 native plugins for Editor in 0.00 ms.
Invoked RoslynAnalysisRunner static constructor.
RoslynAnalysisRunner will not be running.
RoslynAnalysisRunner has terminated.
Mono: successfully reloaded assembly
- Completed reload, in  0.569 seconds
Platform modules already initialized, skipping
Registering precompiled user dll's ...
Registered in 0.000576 seconds.
Begin MonoManager ReloadAssembly
Native extension for WindowsStandalone target not found
Refreshing native plugins compatible for Editor in 0.40 ms, found 1 plugins.
Preloading 0 native plugins for Editor in 0.00 ms.
Invoked RoslynAnalysisRunner static constructor.
RoslynAnalysisRunner will not be running.
RoslynAnalysisRunner has terminated.
Mono: successfully reloaded assembly
- Completed reload, in  0.617 seconds
Platform modules already initialized, skipping
========================================================================
Worker process is ready to serve import requests
Launched and connected shader compiler UnityShaderCompiler.exe after 0.04 seconds
Refreshing native plugins compatible for Editor in 0.40 ms, found 1 plugins.
Preloading 0 native plugins for Editor in 0.00 ms.
Unloading 1738 Unused Serialized files (Serialized files now loaded: 0)
System memory in use before: 82.7 MB.
System memory in use after: 82.7 MB.

Unloading 19 unused Assets to reduce memory usage. Loaded Objects now: 2186.
Total: 1.764100 ms (FindLiveObjects: 0.260100 ms CreateObjectMapping: 0.048600 ms MarkObjects: 1.405600 ms  DeleteObjects: 0.049000 ms)

========================================================================
Received Import Request.
  path: ProjectSettings/TagManager.asset
  artifactKey: Guid(00000000000000003000000000000000) Importer(815301076,1909f56bfc062723c751e8b465ee728b)
Start importing ProjectSettings/TagManager.asset using Guid(00000000000000003000000000000000) Importer(815301076,1909f56bfc062723c751e8b465ee728b)  -> (artifact id: '7bdc234b8f5b5e8d23c5f769c49a38bc') in 0.022255 seconds
  Import took 0.024642 seconds .

========================================================================
Received Import Request.
  Time since last request: 486.046197 seconds.
  path: Assets/Scripts/PlayerController.cs
  artifactKey: Guid(029c5313ec37ce04984b14478f8ef314) Importer(815301076,1909f56bfc062723c751e8b465ee728b)
Start importing Assets/Scripts/PlayerController.cs using Guid(029c5313ec37ce04984b14478f8ef314) Importer(815301076,1909f56bfc062723c751e8b465ee728b)  -> (artifact id: '844c25649b474cb39ef74e0ecf1ceba2') in 0.005029 seconds
  Import took 0.007590 seconds .

========================================================================
Received Prepare
Registering precompiled user dll's ...
Registered in 0.000619 seconds.
Begin MonoManager ReloadAssembly
Native extension for WindowsStandalone target not found
Refreshing native plugins compatible for Editor in 0.36 ms, found 1 plugins.
Preloading 0 native plugins for Editor in 0.00 ms.
Invoked RoslynAnalysisRunner static constructor.
RoslynAnalysisRunner will not be running.
RoslynAnalysisRunner has terminated.
Mono: successfully reloaded assembly
- Completed reload, in  0.591 seconds
Platform modules already initialized, skipping
Refreshing native plugins compatible for Editor in 0.35 ms, found 1 plugins.
Preloading 0 native plugins for Editor in 0.00 ms.
Unloading 1728 Unused Serialized files (Serialized files now loaded: 0)
System memory in use before: 82.3 MB.
System memory in use after: 82.4 MB.

Unloading 8 unused Assets to reduce memory usage. Loaded Objects now: 2189.
Total: 1.789700 ms (FindLiveObjects: 0.311700 ms CreateObjectMapping: 0.056000 ms MarkObjects: 1.400300 ms  DeleteObjects: 0.020900 ms)

========================================================================
Received Import Request.
  Time since last request: 65.099789 seconds.
  path: Assets/Scripts/PlayerController.cs
  artifactKey: Guid(029c5313ec37ce04984b14478f8ef314) Importer(815301076,1909f56bfc062723c751e8b465ee728b)
Start importing Assets/Scripts/PlayerController.cs using Guid(029c5313ec37ce04984b14478f8ef314) Importer(815301076,1909f56bfc062723c751e8b465ee728b)  -> (artifact id: '398a78077585b9e49853c8e401695175') in 0.013658 seconds
  Import took 0.016331 seconds .

========================================================================
Received Import Request.
  Time since last request: 1.479011 seconds.
  path: Assets/Scripts/PlayerController.cs
  artifactKey: Guid(029c5313ec37ce04984b14478f8ef314) Importer(815301076,1909f56bfc062723c751e8b465ee728b)
Start importing Assets/Scripts/PlayerController.cs using Guid(029c5313ec37ce04984b14478f8ef314) Importer(815301076,1909f56bfc062723c751e8b465ee728b)  -> (artifact id: '398a78077585b9e49853c8e401695175') in 0.001866 seconds
  Import took 0.004382 seconds .

========================================================================
Received Prepare
Registering precompiled user dll's ...
Registered in 0.000598 seconds.
Begin MonoManager ReloadAssembly
Native extension for WindowsStandalone target not found
Refreshing native plugins compatible for Editor in 0.37 ms, found 1 plugins.
Preloading 0 native plugins for Editor in 0.00 ms.
Invoked RoslynAnalysisRunner static constructor.
RoslynAnalysisRunner will not be running.
RoslynAnalysisRunner has terminated.
Mono: successfully reloaded assembly
- Completed reload, in  0.595 seconds
Platform modules already initialized, skipping
Refreshing native plugins compatible for Editor in 0.43 ms, found 1 plugins.
Preloading 0 native plugins for Editor in 0.00 ms.
Unloading 1728 Unused Serialized files (Serialized files now loaded: 0)
System memory in use before: 82.3 MB.
System memory in use after: 82.4 MB.

Unloading 7 unused Assets to reduce memory usage. Loaded Objects now: 2192.
Total: 1.996900 ms (FindLiveObjects: 0.259300 ms CreateObjectMapping: 0.078700 ms MarkObjects: 1.640500 ms  DeleteObjects: 0.017300 ms)

========================================================================
Received Prepare
Registering precompiled user dll's ...
Registered in 0.000636 seconds.
Begin MonoManager ReloadAssembly
Native extension for WindowsStandalone target not found
Refreshing native plugins compatible for Editor in 0.37 ms, found 1 plugins.
Preloading 0 native plugins for Editor in 0.00 ms.
Invoked RoslynAnalysisRunner static constructor.
RoslynAnalysisRunner will not be running.
RoslynAnalysisRunner has terminated.
Mono: successfully reloaded assembly
- Completed reload, in  0.600 seconds
Platform modules already initialized, skipping
Refreshing native plugins compatible for Editor in 0.37 ms, found 1 plugins.
Preloading 0 native plugins for Editor in 0.00 ms.
Unloading 1728 Unused Serialized files (Serialized files now loaded: 0)
System memory in use before: 82.3 MB.
System memory in use after: 82.4 MB.

Unloading 7 unused Assets to reduce memory usage. Loaded Objects now: 2195.
Total: 1.709200 ms (FindLiveObjects: 0.208600 ms CreateObjectMapping: 0.068800 ms MarkObjects: 1.415400 ms  DeleteObjects: 0.015400 ms)

========================================================================
Received Prepare
Registering precompiled user dll's ...
Registered in 0.000680 seconds.
Begin MonoManager ReloadAssembly
Native extension for WindowsStandalone target not found
Refreshing native plugins compatible for Editor in 0.36 ms, found 1 plugins.
Preloading 0 native plugins for Editor in 0.00 ms.
Invoked RoslynAnalysisRunner static constructor.
RoslynAnalysisRunner will not be running.
RoslynAnalysisRunner has terminated.
Mono: successfully reloaded assembly
- Completed reload, in  0.587 seconds
Platform modules already initialized, skipping
Refreshing native plugins compatible for Editor in 0.32 ms, found 1 plugins.
Preloading 0 native plugins for Editor in 0.00 ms.
Unloading 1728 Unused Serialized files (Serialized files now loaded: 0)
System memory in use before: 82.3 MB.
System memory in use after: 82.4 MB.

Unloading 7 unused Assets to reduce memory usage. Loaded Objects now: 2198.
Total: 1.594200 ms (FindLiveObjects: 0.166000 ms CreateObjectMapping: 0.046300 ms MarkObjects: 1.365300 ms  DeleteObjects: 0.014400 ms)

========================================================================
Received Import Request.
  Time since last request: 450.379308 seconds.
  path: Assets/RawMaterials/MainCharacter/AnimationClip/idle/Armature_idle1_00.png
  artifactKey: Guid(f1fe4007ae9067e45b91fc72639cf353) Importer(815301076,1909f56bfc062723c751e8b465ee728b)
Start importing Assets/RawMaterials/MainCharacter/AnimationClip/idle/Armature_idle1_00.png using Guid(f1fe4007ae9067e45b91fc72639cf353) Importer(815301076,1909f56bfc062723c751e8b465ee728b)  -> (artifact id: '8c5d8675ddf52797691428c618562711') in 0.100222 seconds
  Import took 0.103407 seconds .

========================================================================
Received Import Request.
  Time since last request: 0.000158 seconds.
  path: Assets/RawMaterials/MainCharacter/AnimationClip/idle/idle.anim
  artifactKey: Guid(fd18b2b163e7d994bb66da819ff2e3fd) Importer(815301076,1909f56bfc062723c751e8b465ee728b)
Start importing Assets/RawMaterials/MainCharacter/AnimationClip/idle/idle.anim using Guid(fd18b2b163e7d994bb66da819ff2e3fd) Importer(815301076,1909f56bfc062723c751e8b465ee728b)  -> (artifact id: '72c9c5f4681d340e1cb949ba78195be6') in 0.003497 seconds
  Import took 0.005820 seconds .

========================================================================
Received Import Request.
  Time since last request: 3.892019 seconds.
  path: Assets/RawMaterials/MainCharacter/AnimationClip/walk/walk.anim
  artifactKey: Guid(d6230c4294b06a14d8d66db0bdedb062) Importer(815301076,1909f56bfc062723c751e8b465ee728b)
Start importing Assets/RawMaterials/MainCharacter/AnimationClip/walk/walk.anim using Guid(d6230c4294b06a14d8d66db0bdedb062) Importer(815301076,1909f56bfc062723c751e8b465ee728b)  -> (artifact id: '945ca158ac3ce71069cfa1706c71c794') in 0.002099 seconds
  Import took 0.004618 seconds .

========================================================================
Received Prepare
Registering precompiled user dll's ...
Registered in 0.000661 seconds.
Begin MonoManager ReloadAssembly
Native extension for WindowsStandalone target not found
Refreshing native plugins compatible for Editor in 0.39 ms, found 1 plugins.
Preloading 0 native plugins for Editor in 0.00 ms.
Invoked RoslynAnalysisRunner static constructor.
RoslynAnalysisRunner will not be running.
RoslynAnalysisRunner has terminated.
Mono: successfully reloaded assembly
- Completed reload, in  0.577 seconds
Platform modules already initialized, skipping
Refreshing native plugins compatible for Editor in 0.33 ms, found 1 plugins.
Preloading 0 native plugins for Editor in 0.00 ms.
Unloading 1728 Unused Serialized files (Serialized files now loaded: 0)
System memory in use before: 85.4 MB.
System memory in use after: 85.5 MB.

Unloading 7 unused Assets to reduce memory usage. Loaded Objects now: 2207.
Total: 2.103000 ms (FindLiveObjects: 0.268500 ms CreateObjectMapping: 0.047200 ms MarkObjects: 1.766300 ms  DeleteObjects: 0.020200 ms)

========================================================================
Received Prepare
Registering precompiled user dll's ...
Registered in 0.000601 seconds.
Begin MonoManager ReloadAssembly
Native extension for WindowsStandalone target not found
Refreshing native plugins compatible for Editor in 0.36 ms, found 1 plugins.
Preloading 0 native plugins for Editor in 0.00 ms.
Invoked RoslynAnalysisRunner static constructor.
RoslynAnalysisRunner will not be running.
RoslynAnalysisRunner has terminated.
Mono: successfully reloaded assembly
- Completed reload, in  0.596 seconds
Platform modules already initialized, skipping
Refreshing native plugins compatible for Editor in 0.34 ms, found 1 plugins.
Preloading 0 native plugins for Editor in 0.00 ms.
Unloading 1728 Unused Serialized files (Serialized files now loaded: 0)
System memory in use before: 85.4 MB.
System memory in use after: 85.5 MB.

Unloading 7 unused Assets to reduce memory usage. Loaded Objects now: 2210.
Total: 1.919800 ms (FindLiveObjects: 0.243800 ms CreateObjectMapping: 0.067300 ms MarkObjects: 1.589300 ms  DeleteObjects: 0.018400 ms)

========================================================================
Received Prepare
Registering precompiled user dll's ...
Registered in 0.000621 seconds.
Begin MonoManager ReloadAssembly
Native extension for WindowsStandalone target not found
Refreshing native plugins compatible for Editor in 0.36 ms, found 1 plugins.
Preloading 0 native plugins for Editor in 0.00 ms.
Invoked RoslynAnalysisRunner static constructor.
RoslynAnalysisRunner will not be running.
RoslynAnalysisRunner has terminated.
Mono: successfully reloaded assembly
- Completed reload, in  0.573 seconds
Platform modules already initialized, skipping
Refreshing native plugins compatible for Editor in 0.32 ms, found 1 plugins.
Preloading 0 native plugins for Editor in 0.00 ms.
Unloading 1728 Unused Serialized files (Serialized files now loaded: 0)
System memory in use before: 85.5 MB.
System memory in use after: 85.6 MB.

Unloading 7 unused Assets to reduce memory usage. Loaded Objects now: 2213.
Total: 1.820300 ms (FindLiveObjects: 0.196700 ms CreateObjectMapping: 0.047200 ms MarkObjects: 1.560300 ms  DeleteObjects: 0.015200 ms)

========================================================================
Received Import Request.
  Time since last request: 281.275365 seconds.
  path: Assets/Textures/CameraRenderer.renderTexture
  artifactKey: Guid(a4df040a64faf89428f461a6875310d0) Importer(815301076,1909f56bfc062723c751e8b465ee728b)
Start importing Assets/Textures/CameraRenderer.renderTexture using Guid(a4df040a64faf89428f461a6875310d0) Importer(815301076,1909f56bfc062723c751e8b465ee728b)  -> (artifact id: 'c3c2badf6aab86f6436b1d5f3a5f2c3b') in 0.033366 seconds
  Import took 0.036341 seconds .

========================================================================
Received Prepare
Registering precompiled user dll's ...
Registered in 0.000576 seconds.
Begin MonoManager ReloadAssembly
Native extension for WindowsStandalone target not found
Refreshing native plugins compatible for Editor in 0.36 ms, found 1 plugins.
Preloading 0 native plugins for Editor in 0.00 ms.
Invoked RoslynAnalysisRunner static constructor.
RoslynAnalysisRunner will not be running.
RoslynAnalysisRunner has terminated.
Mono: successfully reloaded assembly
- Completed reload, in  0.589 seconds
Platform modules already initialized, skipping
Refreshing native plugins compatible for Editor in 0.32 ms, found 1 plugins.
Preloading 0 native plugins for Editor in 0.00 ms.
Unloading 1728 Unused Serialized files (Serialized files now loaded: 0)
System memory in use before: 85.6 MB.
System memory in use after: 85.7 MB.

Unloading 7 unused Assets to reduce memory usage. Loaded Objects now: 2219.
Total: 1.719900 ms (FindLiveObjects: 0.215100 ms CreateObjectMapping: 0.045300 ms MarkObjects: 1.446500 ms  DeleteObjects: 0.012400 ms)

========================================================================
Received Import Request.
  Time since last request: 106.084145 seconds.
  path: Assets/Textures/RenderTexMat.mat
  artifactKey: Guid(43889a4ae48799344b9db9dd0ed86046) Importer(815301076,1909f56bfc062723c751e8b465ee728b)
Start importing Assets/Textures/RenderTexMat.mat using Guid(43889a4ae48799344b9db9dd0ed86046) Importer(815301076,1909f56bfc062723c751e8b465ee728b)  -> (artifact id: 'd94d523276a9c417269aaff73dba7d5b') in 0.054325 seconds
  Import took 0.057131 seconds .

========================================================================
Received Prepare
Registering precompiled user dll's ...
Registered in 0.001211 seconds.
Begin MonoManager ReloadAssembly
Native extension for WindowsStandalone target not found
Refreshing native plugins compatible for Editor in 0.38 ms, found 1 plugins.
Preloading 0 native plugins for Editor in 0.00 ms.
Invoked RoslynAnalysisRunner static constructor.
RoslynAnalysisRunner will not be running.
RoslynAnalysisRunner has terminated.
Mono: successfully reloaded assembly
- Completed reload, in  0.572 seconds
Platform modules already initialized, skipping
Refreshing native plugins compatible for Editor in 0.33 ms, found 1 plugins.
Preloading 0 native plugins for Editor in 0.00 ms.
Unloading 1728 Unused Serialized files (Serialized files now loaded: 0)
System memory in use before: 85.9 MB.
System memory in use after: 86.0 MB.

Unloading 7 unused Assets to reduce memory usage. Loaded Objects now: 2259.
Total: 1.766900 ms (FindLiveObjects: 0.186200 ms CreateObjectMapping: 0.047700 ms MarkObjects: 1.520400 ms  DeleteObjects: 0.011900 ms)

========================================================================
Received Import Request.
  Time since last request: 212.988101 seconds.
  path: Assets/Textures/CameraRenderer.renderTexture
  artifactKey: Guid(a4df040a64faf89428f461a6875310d0) Importer(815301076,1909f56bfc062723c751e8b465ee728b)
Start importing Assets/Textures/CameraRenderer.renderTexture using Guid(a4df040a64faf89428f461a6875310d0) Importer(815301076,1909f56bfc062723c751e8b465ee728b)  -> (artifact id: '4173658a5913928332a9665a234dad53') in 0.027213 seconds
  Import took 0.029882 seconds .

========================================================================
Received Import Request.
  Time since last request: 0.000161 seconds.
  path: Assets/Textures/RenderTexMat.mat
  artifactKey: Guid(43889a4ae48799344b9db9dd0ed86046) Importer(815301076,1909f56bfc062723c751e8b465ee728b)
Start importing Assets/Textures/RenderTexMat.mat using Guid(43889a4ae48799344b9db9dd0ed86046) Importer(815301076,1909f56bfc062723c751e8b465ee728b)  -> (artifact id: 'b65d6354a9f662dd5ea06f3c0e76b77c') in 0.026403 seconds
  Import took 0.028644 seconds .

========================================================================
Received Prepare
Registering precompiled user dll's ...
Registered in 0.000685 seconds.
Begin MonoManager ReloadAssembly
Native extension for WindowsStandalone target not found
Refreshing native plugins compatible for Editor in 0.51 ms, found 1 plugins.
Preloading 0 native plugins for Editor in 0.00 ms.
Invoked RoslynAnalysisRunner static constructor.
RoslynAnalysisRunner will not be running.
RoslynAnalysisRunner has terminated.
Mono: successfully reloaded assembly
- Completed reload, in  0.635 seconds
Platform modules already initialized, skipping
Refreshing native plugins compatible for Editor in 0.37 ms, found 1 plugins.
Preloading 0 native plugins for Editor in 0.00 ms.
Unloading 1728 Unused Serialized files (Serialized files now loaded: 0)
System memory in use before: 85.9 MB.
System memory in use after: 86.0 MB.

Unloading 7 unused Assets to reduce memory usage. Loaded Objects now: 2264.
Total: 1.992000 ms (FindLiveObjects: 0.225100 ms CreateObjectMapping: 0.038900 ms MarkObjects: 1.711800 ms  DeleteObjects: 0.015500 ms)

========================================================================
Received Prepare
Registering precompiled user dll's ...
Registered in 0.000590 seconds.
Begin MonoManager ReloadAssembly
Native extension for WindowsStandalone target not found
Refreshing native plugins compatible for Editor in 0.37 ms, found 1 plugins.
Preloading 0 native plugins for Editor in 0.00 ms.
Invoked RoslynAnalysisRunner static constructor.
RoslynAnalysisRunner will not be running.
RoslynAnalysisRunner has terminated.
Mono: successfully reloaded assembly
- Completed reload, in  0.607 seconds
Platform modules already initialized, skipping
Refreshing native plugins compatible for Editor in 0.35 ms, found 1 plugins.
Preloading 0 native plugins for Editor in 0.00 ms.
Unloading 1728 Unused Serialized files (Serialized files now loaded: 0)
System memory in use before: 85.9 MB.
System memory in use after: 86.1 MB.

Unloading 7 unused Assets to reduce memory usage. Loaded Objects now: 2267.
Total: 2.021800 ms (FindLiveObjects: 0.162800 ms CreateObjectMapping: 0.053700 ms MarkObjects: 1.791900 ms  DeleteObjects: 0.012400 ms)

========================================================================
Received Prepare
Registering precompiled user dll's ...
Registered in 0.000726 seconds.
Begin MonoManager ReloadAssembly
Native extension for WindowsStandalone target not found
Refreshing native plugins compatible for Editor in 0.36 ms, found 1 plugins.
Preloading 0 native plugins for Editor in 0.00 ms.
Invoked RoslynAnalysisRunner static constructor.
RoslynAnalysisRunner will not be running.
RoslynAnalysisRunner has terminated.
Mono: successfully reloaded assembly
- Completed reload, in  0.586 seconds
Platform modules already initialized, skipping
Refreshing native plugins compatible for Editor in 0.35 ms, found 1 plugins.
Preloading 0 native plugins for Editor in 0.00 ms.
Unloading 1728 Unused Serialized files (Serialized files now loaded: 0)
System memory in use before: 86.0 MB.
System memory in use after: 86.1 MB.

Unloading 7 unused Assets to reduce memory usage. Loaded Objects now: 2270.
Total: 2.130600 ms (FindLiveObjects: 0.219400 ms CreateObjectMapping: 0.063800 ms MarkObjects: 1.831200 ms  DeleteObjects: 0.015300 ms)

========================================================================
Received Import Request.
  Time since last request: 167.303021 seconds.
  path: Assets/PhysicMaterial
  artifactKey: Guid(d4ab4626dd0330d45a2cc294e5c8fe89) Importer(815301076,1909f56bfc062723c751e8b465ee728b)
Start importing Assets/PhysicMaterial using Guid(d4ab4626dd0330d45a2cc294e5c8fe89) Importer(815301076,1909f56bfc062723c751e8b465ee728b)  -> (artifact id: '0f6d858821f5c014fcf480331e910563') in 0.004812 seconds
  Import took 0.007802 seconds .

========================================================================
Received Import Request.
  Time since last request: 15.331417 seconds.
  path: Assets/PhysicMaterial/NoFriction.physicMaterial
  artifactKey: Guid(4087c3749212a184cb407a1dfd6b26e0) Importer(815301076,1909f56bfc062723c751e8b465ee728b)
Start importing Assets/PhysicMaterial/NoFriction.physicMaterial using Guid(4087c3749212a184cb407a1dfd6b26e0) Importer(815301076,1909f56bfc062723c751e8b465ee728b)  -> (artifact id: '5c6ec78de3cafe2f75c1dd439cde0981') in 0.009318 seconds
  Import took 0.011999 seconds .

========================================================================
Received Import Request.
  Time since last request: 39.169243 seconds.
  path: Assets/PhysicMaterial/NoFriction.physicsMaterial2D
  artifactKey: Guid(40c704a17bf25ab4b9a37f5b4ae11541) Importer(815301076,1909f56bfc062723c751e8b465ee728b)
Start importing Assets/PhysicMaterial/NoFriction.physicsMaterial2D using Guid(40c704a17bf25ab4b9a37f5b4ae11541) Importer(815301076,1909f56bfc062723c751e8b465ee728b)  -> (artifact id: '79ab807befe776b8c2f21c34f4b47cd2') in 0.002874 seconds
  Import took 0.005529 seconds .

========================================================================
Received Import Request.
  Time since last request: 0.002259 seconds.
  path: Assets/PhysicMaterial/NoFriction.physicsMaterial2D
  artifactKey: Guid(40c704a17bf25ab4b9a37f5b4ae11541) Importer(815301076,1909f56bfc062723c751e8b465ee728b)
Start importing Assets/PhysicMaterial/NoFriction.physicsMaterial2D using Guid(40c704a17bf25ab4b9a37f5b4ae11541) Importer(815301076,1909f56bfc062723c751e8b465ee728b)  -> (artifact id: '79ab807befe776b8c2f21c34f4b47cd2') in 0.001946 seconds
  Import took 0.004417 seconds .

========================================================================
Received Prepare
Registering precompiled user dll's ...
Registered in 0.000657 seconds.
Begin MonoManager ReloadAssembly
Native extension for WindowsStandalone target not found
Refreshing native plugins compatible for Editor in 0.36 ms, found 1 plugins.
Preloading 0 native plugins for Editor in 0.00 ms.
Invoked RoslynAnalysisRunner static constructor.
RoslynAnalysisRunner will not be running.
RoslynAnalysisRunner has terminated.
Mono: successfully reloaded assembly
- Completed reload, in  0.595 seconds
Platform modules already initialized, skipping
Refreshing native plugins compatible for Editor in 0.39 ms, found 1 plugins.
Preloading 0 native plugins for Editor in 0.00 ms.
Unloading 1728 Unused Serialized files (Serialized files now loaded: 0)
System memory in use before: 86.0 MB.
System memory in use after: 86.1 MB.

Unloading 7 unused Assets to reduce memory usage. Loaded Objects now: 2273.
Total: 1.872800 ms (FindLiveObjects: 0.184100 ms CreateObjectMapping: 0.045900 ms MarkObjects: 1.629300 ms  DeleteObjects: 0.012700 ms)

========================================================================
Received Prepare
Registering precompiled user dll's ...
Registered in 0.000699 seconds.
Begin MonoManager ReloadAssembly
Native extension for WindowsStandalone target not found
Refreshing native plugins compatible for Editor in 0.36 ms, found 1 plugins.
Preloading 0 native plugins for Editor in 0.00 ms.
Invoked RoslynAnalysisRunner static constructor.
RoslynAnalysisRunner will not be running.
RoslynAnalysisRunner has terminated.
Mono: successfully reloaded assembly
- Completed reload, in  0.596 seconds
Platform modules already initialized, skipping
Refreshing native plugins compatible for Editor in 0.35 ms, found 1 plugins.
Preloading 0 native plugins for Editor in 0.00 ms.
Unloading 1728 Unused Serialized files (Serialized files now loaded: 0)
System memory in use before: 86.0 MB.
System memory in use after: 86.1 MB.

Unloading 7 unused Assets to reduce memory usage. Loaded Objects now: 2276.
Total: 1.843000 ms (FindLiveObjects: 0.203400 ms CreateObjectMapping: 0.046800 ms MarkObjects: 1.577500 ms  DeleteObjects: 0.014100 ms)

========================================================================
Received Prepare
Registering precompiled user dll's ...
Registered in 0.000642 seconds.
Begin MonoManager ReloadAssembly
Native extension for WindowsStandalone target not found
Refreshing native plugins compatible for Editor in 0.37 ms, found 1 plugins.
Preloading 0 native plugins for Editor in 0.00 ms.
Invoked RoslynAnalysisRunner static constructor.
RoslynAnalysisRunner will not be running.
RoslynAnalysisRunner has terminated.
Mono: successfully reloaded assembly
- Completed reload, in  0.584 seconds
Platform modules already initialized, skipping
Refreshing native plugins compatible for Editor in 0.34 ms, found 1 plugins.
Preloading 0 native plugins for Editor in 0.00 ms.
Unloading 1728 Unused Serialized files (Serialized files now loaded: 0)
System memory in use before: 86.0 MB.
System memory in use after: 86.1 MB.

Unloading 7 unused Assets to reduce memory usage. Loaded Objects now: 2279.
Total: 1.783300 ms (FindLiveObjects: 0.193600 ms CreateObjectMapping: 0.064700 ms MarkObjects: 1.510200 ms  DeleteObjects: 0.014100 ms)

========================================================================
Received Import Request.
  Time since last request: 295.473826 seconds.
  path: Assets/Animation/Player.controller
  artifactKey: Guid(501bc68bbb1183a4a980e61e50d2966f) Importer(815301076,1909f56bfc062723c751e8b465ee728b)
Start importing Assets/Animation/Player.controller using Guid(501bc68bbb1183a4a980e61e50d2966f) Importer(815301076,1909f56bfc062723c751e8b465ee728b)  -> (artifact id: 'c8cc9e08f1a3c21b32414ae64a196131') in 0.012744 seconds
  Import took 0.015541 seconds .

========================================================================
Received Prepare
Registering precompiled user dll's ...
Registered in 0.000588 seconds.
Begin MonoManager ReloadAssembly
Native extension for WindowsStandalone target not found
Refreshing native plugins compatible for Editor in 0.36 ms, found 1 plugins.
Preloading 0 native plugins for Editor in 0.00 ms.
Invoked RoslynAnalysisRunner static constructor.
RoslynAnalysisRunner will not be running.
RoslynAnalysisRunner has terminated.
Mono: successfully reloaded assembly
- Completed reload, in  0.580 seconds
Platform modules already initialized, skipping
Refreshing native plugins compatible for Editor in 0.34 ms, found 1 plugins.
Preloading 0 native plugins for Editor in 0.00 ms.
Unloading 1728 Unused Serialized files (Serialized files now loaded: 0)
System memory in use before: 86.0 MB.
System memory in use after: 86.1 MB.

Unloading 7 unused Assets to reduce memory usage. Loaded Objects now: 2282.
Total: 1.767600 ms (FindLiveObjects: 0.190400 ms CreateObjectMapping: 0.046500 ms MarkObjects: 1.515400 ms  DeleteObjects: 0.012800 ms)

========================================================================
Received Import Request.
  Time since last request: 129.588576 seconds.
  path: Assets/PhysicMaterial/NoFriction.physicsMaterial2D
  artifactKey: Guid(40c704a17bf25ab4b9a37f5b4ae11541) Importer(815301076,1909f56bfc062723c751e8b465ee728b)
Start importing Assets/PhysicMaterial/NoFriction.physicsMaterial2D using Guid(40c704a17bf25ab4b9a37f5b4ae11541) Importer(815301076,1909f56bfc062723c751e8b465ee728b)  -> (artifact id: '1b3b1cfc1e66d7a8e6bd70d5033e523d') in 0.009945 seconds
  Import took 0.012634 seconds .

========================================================================
Received Prepare
Registering precompiled user dll's ...
Registered in 0.000626 seconds.
Begin MonoManager ReloadAssembly
Native extension for WindowsStandalone target not found
Refreshing native plugins compatible for Editor in 0.43 ms, found 1 plugins.
Preloading 0 native plugins for Editor in 0.00 ms.
Invoked RoslynAnalysisRunner static constructor.
RoslynAnalysisRunner will not be running.
RoslynAnalysisRunner has terminated.
Mono: successfully reloaded assembly
- Completed reload, in  0.582 seconds
Platform modules already initialized, skipping
Refreshing native plugins compatible for Editor in 0.37 ms, found 1 plugins.
Preloading 0 native plugins for Editor in 0.00 ms.
Unloading 1728 Unused Serialized files (Serialized files now loaded: 0)
System memory in use before: 86.0 MB.
System memory in use after: 86.1 MB.

Unloading 7 unused Assets to reduce memory usage. Loaded Objects now: 2285.
Total: 1.727000 ms (FindLiveObjects: 0.189500 ms CreateObjectMapping: 0.037900 ms MarkObjects: 1.483500 ms  DeleteObjects: 0.015400 ms)

========================================================================
Received Prepare
Registering precompiled user dll's ...
Registered in 0.000636 seconds.
Begin MonoManager ReloadAssembly
Native extension for WindowsStandalone target not found
Refreshing native plugins compatible for Editor in 0.36 ms, found 1 plugins.
Preloading 0 native plugins for Editor in 0.00 ms.
Invoked RoslynAnalysisRunner static constructor.
RoslynAnalysisRunner will not be running.
RoslynAnalysisRunner has terminated.
Mono: successfully reloaded assembly
- Completed reload, in  0.567 seconds
Platform modules already initialized, skipping
Refreshing native plugins compatible for Editor in 0.33 ms, found 1 plugins.
Preloading 0 native plugins for Editor in 0.00 ms.
Unloading 1728 Unused Serialized files (Serialized files now loaded: 0)
System memory in use before: 86.0 MB.
System memory in use after: 86.1 MB.

Unloading 7 unused Assets to reduce memory usage. Loaded Objects now: 2288.
Total: 1.728100 ms (FindLiveObjects: 0.185900 ms CreateObjectMapping: 0.046900 ms MarkObjects: 1.481300 ms  DeleteObjects: 0.011900 ms)

